CRITICAL - 2023-06-15 16:12:04 --> Undefined array key "id"
in APPPATH\Views\buku_view.php on line 27.
 1 APPPATH\Views\buku_view.php(27): CodeIgniter\Debug\Exceptions->errorHandler(2, 'Undefined array key "id"', 'C:\\perpustakaan\\app\\Views\\buku_view.php', 27)
 2 SYSTEMPATH\View\View.php(213): include('C:\\perpustakaan\\app\\Views\\buku_view.php')
 3 SYSTEMPATH\View\View.php(216): CodeIgniter\View\View->CodeIgniter\View\{closure}()
 4 SYSTEMPATH\Common.php(1184): CodeIgniter\View\View->render('buku_view', [], true)
 5 APPPATH\Controllers\Buku.php(17): view('buku_view', [...])
 6 SYSTEMPATH\CodeIgniter.php(934): App\Controllers\Buku->index()
 7 SYSTEMPATH\CodeIgniter.php(499): CodeIgniter\CodeIgniter->runController(Object(App\Controllers\Buku))
 8 SYSTEMPATH\CodeIgniter.php(368): CodeIgniter\CodeIgniter->handleRequest(null, Object(Config\Cache), false)
 9 FCPATH\index.php(67): CodeIgniter\CodeIgniter->run()
10 SYSTEMPATH\Commands\Server\rewrite.php(47): require_once('C:\\perpustakaan\\public\\index.php')
CRITICAL - 2023-06-15 16:13:23 --> Undefined array key "id"
in APPPATH\Views\buku_view.php on line 27.
 1 APPPATH\Views\buku_view.php(27): CodeIgniter\Debug\Exceptions->errorHandler(2, 'Undefined array key "id"', 'C:\\perpustakaan\\app\\Views\\buku_view.php', 27)
 2 SYSTEMPATH\View\View.php(213): include('C:\\perpustakaan\\app\\Views\\buku_view.php')
 3 SYSTEMPATH\View\View.php(216): CodeIgniter\View\View->CodeIgniter\View\{closure}()
 4 SYSTEMPATH\Common.php(1184): CodeIgniter\View\View->render('buku_view', [], true)
 5 APPPATH\Controllers\Buku.php(17): view('buku_view', [...])
 6 SYSTEMPATH\CodeIgniter.php(934): App\Controllers\Buku->index()
 7 SYSTEMPATH\CodeIgniter.php(499): CodeIgniter\CodeIgniter->runController(Object(App\Controllers\Buku))
 8 SYSTEMPATH\CodeIgniter.php(368): CodeIgniter\CodeIgniter->handleRequest(null, Object(Config\Cache), false)
 9 FCPATH\index.php(67): CodeIgniter\CodeIgniter->run()
10 SYSTEMPATH\Commands\Server\rewrite.php(47): require_once('C:\\perpustakaan\\public\\index.php')
CRITICAL - 2023-06-15 16:14:24 --> Undefined array key "id"
in APPPATH\Views\buku_view.php on line 27.
 1 APPPATH\Views\buku_view.php(27): CodeIgniter\Debug\Exceptions->errorHandler(2, 'Undefined array key "id"', 'C:\\perpustakaan\\app\\Views\\buku_view.php', 27)
 2 SYSTEMPATH\View\View.php(213): include('C:\\perpustakaan\\app\\Views\\buku_view.php')
 3 SYSTEMPATH\View\View.php(216): CodeIgniter\View\View->CodeIgniter\View\{closure}()
 4 SYSTEMPATH\Common.php(1184): CodeIgniter\View\View->render('buku_view', [], true)
 5 APPPATH\Controllers\Buku.php(17): view('buku_view', [...])
 6 SYSTEMPATH\CodeIgniter.php(934): App\Controllers\Buku->index()
 7 SYSTEMPATH\CodeIgniter.php(499): CodeIgniter\CodeIgniter->runController(Object(App\Controllers\Buku))
 8 SYSTEMPATH\CodeIgniter.php(368): CodeIgniter\CodeIgniter->handleRequest(null, Object(Config\Cache), false)
 9 FCPATH\index.php(67): CodeIgniter\CodeIgniter->run()
10 SYSTEMPATH\Commands\Server\rewrite.php(47): require_once('C:\\perpustakaan\\public\\index.php')
CRITICAL - 2023-06-15 16:15:04 --> Undefined variable $buku
in APPPATH\Views\update_buku.php on line 5.
 1 APPPATH\Views\update_buku.php(5): CodeIgniter\Debug\Exceptions->errorHandler(2, 'Undefined variable $buku', 'C:\\perpustakaan\\app\\Views\\update_buku.php', 5)
 2 SYSTEMPATH\View\View.php(213): include('C:\\perpustakaan\\app\\Views\\update_buku.php')
 3 SYSTEMPATH\View\View.php(216): CodeIgniter\View\View->CodeIgniter\View\{closure}()
 4 SYSTEMPATH\Common.php(1184): CodeIgniter\View\View->render('update_buku', [], true)
 5 APPPATH\Controllers\Buku.php(57): view('update_buku', [...])
 6 SYSTEMPATH\CodeIgniter.php(934): App\Controllers\Buku->editBuku()
 7 SYSTEMPATH\CodeIgniter.php(499): CodeIgniter\CodeIgniter->runController(Object(App\Controllers\Buku))
 8 SYSTEMPATH\CodeIgniter.php(368): CodeIgniter\CodeIgniter->handleRequest(null, Object(Config\Cache), false)
 9 FCPATH\index.php(67): CodeIgniter\CodeIgniter->run()
10 SYSTEMPATH\Commands\Server\rewrite.php(47): require_once('C:\\perpustakaan\\public\\index.php')
CRITICAL - 2023-06-15 16:15:58 --> Undefined variable $buku
in APPPATH\Views\update_buku.php on line 5.
 1 APPPATH\Views\update_buku.php(5): CodeIgniter\Debug\Exceptions->errorHandler(2, 'Undefined variable $buku', 'C:\\perpustakaan\\app\\Views\\update_buku.php', 5)
 2 SYSTEMPATH\View\View.php(213): include('C:\\perpustakaan\\app\\Views\\update_buku.php')
 3 SYSTEMPATH\View\View.php(216): CodeIgniter\View\View->CodeIgniter\View\{closure}()
 4 SYSTEMPATH\Common.php(1184): CodeIgniter\View\View->render('update_buku', [], true)
 5 APPPATH\Controllers\Buku.php(57): view('update_buku', [...])
 6 SYSTEMPATH\CodeIgniter.php(934): App\Controllers\Buku->editBuku('1')
 7 SYSTEMPATH\CodeIgniter.php(499): CodeIgniter\CodeIgniter->runController(Object(App\Controllers\Buku))
 8 SYSTEMPATH\CodeIgniter.php(368): CodeIgniter\CodeIgniter->handleRequest(null, Object(Config\Cache), false)
 9 FCPATH\index.php(67): CodeIgniter\CodeIgniter->run()
10 SYSTEMPATH\Commands\Server\rewrite.php(47): require_once('C:\\perpustakaan\\public\\index.php')
CRITICAL - 2023-06-15 16:22:04 --> Undefined variable $buku
in APPPATH\Views\update_buku.php on line 5.
 1 APPPATH\Views\update_buku.php(5): CodeIgniter\Debug\Exceptions->errorHandler(2, 'Undefined variable $buku', 'C:\\perpustakaan\\app\\Views\\update_buku.php', 5)
 2 SYSTEMPATH\View\View.php(213): include('C:\\perpustakaan\\app\\Views\\update_buku.php')
 3 SYSTEMPATH\View\View.php(216): CodeIgniter\View\View->CodeIgniter\View\{closure}()
 4 SYSTEMPATH\Common.php(1184): CodeIgniter\View\View->render('update_buku', [], true)
 5 APPPATH\Controllers\Buku.php(57): view('update_buku', [...])
 6 SYSTEMPATH\CodeIgniter.php(934): App\Controllers\Buku->editBuku('1')
 7 SYSTEMPATH\CodeIgniter.php(499): CodeIgniter\CodeIgniter->runController(Object(App\Controllers\Buku))
 8 SYSTEMPATH\CodeIgniter.php(368): CodeIgniter\CodeIgniter->handleRequest(null, Object(Config\Cache), false)
 9 FCPATH\index.php(67): CodeIgniter\CodeIgniter->run()
10 SYSTEMPATH\Commands\Server\rewrite.php(47): require_once('C:\\perpustakaan\\public\\index.php')
CRITICAL - 2023-06-15 16:23:00 --> Undefined variable $buku
in APPPATH\Views\update_buku.php on line 9.
 1 APPPATH\Views\update_buku.php(9): CodeIgniter\Debug\Exceptions->errorHandler(2, 'Undefined variable $buku', 'C:\\perpustakaan\\app\\Views\\update_buku.php', 9)
 2 SYSTEMPATH\View\View.php(213): include('C:\\perpustakaan\\app\\Views\\update_buku.php')
 3 SYSTEMPATH\View\View.php(216): CodeIgniter\View\View->CodeIgniter\View\{closure}()
 4 SYSTEMPATH\Common.php(1184): CodeIgniter\View\View->render('update_buku', [], true)
 5 APPPATH\Controllers\Buku.php(57): view('update_buku', [...])
 6 SYSTEMPATH\CodeIgniter.php(934): App\Controllers\Buku->editBuku('1')
 7 SYSTEMPATH\CodeIgniter.php(499): CodeIgniter\CodeIgniter->runController(Object(App\Controllers\Buku))
 8 SYSTEMPATH\CodeIgniter.php(368): CodeIgniter\CodeIgniter->handleRequest(null, Object(Config\Cache), false)
 9 FCPATH\index.php(67): CodeIgniter\CodeIgniter->run()
10 SYSTEMPATH\Commands\Server\rewrite.php(47): require_once('C:\\perpustakaan\\public\\index.php')
CRITICAL - 2023-06-15 16:23:18 --> Undefined variable $buku
in APPPATH\Views\update_buku.php on line 9.
 1 APPPATH\Views\update_buku.php(9): CodeIgniter\Debug\Exceptions->errorHandler(2, 'Undefined variable $buku', 'C:\\perpustakaan\\app\\Views\\update_buku.php', 9)
 2 SYSTEMPATH\View\View.php(213): include('C:\\perpustakaan\\app\\Views\\update_buku.php')
 3 SYSTEMPATH\View\View.php(216): CodeIgniter\View\View->CodeIgniter\View\{closure}()
 4 SYSTEMPATH\Common.php(1184): CodeIgniter\View\View->render('update_buku', [], true)
 5 APPPATH\Controllers\Buku.php(57): view('update_buku', [...])
 6 SYSTEMPATH\CodeIgniter.php(934): App\Controllers\Buku->editBuku('1')
 7 SYSTEMPATH\CodeIgniter.php(499): CodeIgniter\CodeIgniter->runController(Object(App\Controllers\Buku))
 8 SYSTEMPATH\CodeIgniter.php(368): CodeIgniter\CodeIgniter->handleRequest(null, Object(Config\Cache), false)
 9 FCPATH\index.php(67): CodeIgniter\CodeIgniter->run()
10 SYSTEMPATH\Commands\Server\rewrite.php(47): require_once('C:\\perpustakaan\\public\\index.php')
CRITICAL - 2023-06-15 16:23:34 --> Undefined variable $buku
in APPPATH\Views\update_buku.php on line 9.
 1 APPPATH\Views\update_buku.php(9): CodeIgniter\Debug\Exceptions->errorHandler(2, 'Undefined variable $buku', 'C:\\perpustakaan\\app\\Views\\update_buku.php', 9)
 2 SYSTEMPATH\View\View.php(213): include('C:\\perpustakaan\\app\\Views\\update_buku.php')
 3 SYSTEMPATH\View\View.php(216): CodeIgniter\View\View->CodeIgniter\View\{closure}()
 4 SYSTEMPATH\Common.php(1184): CodeIgniter\View\View->render('update_buku', [], true)
 5 APPPATH\Controllers\Buku.php(57): view('update_buku', [...])
 6 SYSTEMPATH\CodeIgniter.php(934): App\Controllers\Buku->editBuku('1')
 7 SYSTEMPATH\CodeIgniter.php(499): CodeIgniter\CodeIgniter->runController(Object(App\Controllers\Buku))
 8 SYSTEMPATH\CodeIgniter.php(368): CodeIgniter\CodeIgniter->handleRequest(null, Object(Config\Cache), false)
 9 FCPATH\index.php(67): CodeIgniter\CodeIgniter->run()
10 SYSTEMPATH\Commands\Server\rewrite.php(47): require_once('C:\\perpustakaan\\public\\index.php')
CRITICAL - 2023-06-15 16:23:48 --> Undefined variable $buku
in APPPATH\Views\update_buku.php on line 9.
 1 APPPATH\Views\update_buku.php(9): CodeIgniter\Debug\Exceptions->errorHandler(2, 'Undefined variable $buku', 'C:\\perpustakaan\\app\\Views\\update_buku.php', 9)
 2 SYSTEMPATH\View\View.php(213): include('C:\\perpustakaan\\app\\Views\\update_buku.php')
 3 SYSTEMPATH\View\View.php(216): CodeIgniter\View\View->CodeIgniter\View\{closure}()
 4 SYSTEMPATH\Common.php(1184): CodeIgniter\View\View->render('update_buku', [], true)
 5 APPPATH\Controllers\Buku.php(57): view('update_buku', [...])
 6 SYSTEMPATH\CodeIgniter.php(934): App\Controllers\Buku->editBuku('1')
 7 SYSTEMPATH\CodeIgniter.php(499): CodeIgniter\CodeIgniter->runController(Object(App\Controllers\Buku))
 8 SYSTEMPATH\CodeIgniter.php(368): CodeIgniter\CodeIgniter->handleRequest(null, Object(Config\Cache), false)
 9 FCPATH\index.php(67): CodeIgniter\CodeIgniter->run()
10 SYSTEMPATH\Commands\Server\rewrite.php(47): require_once('C:\\perpustakaan\\public\\index.php')
CRITICAL - 2023-06-15 16:42:22 --> Undefined variable $data
in APPPATH\Views\update_buku.php on line 5.
 1 APPPATH\Views\update_buku.php(5): CodeIgniter\Debug\Exceptions->errorHandler(2, 'Undefined variable $data', 'C:\\perpustakaan\\app\\Views\\update_buku.php', 5)
 2 SYSTEMPATH\View\View.php(213): include('C:\\perpustakaan\\app\\Views\\update_buku.php')
 3 SYSTEMPATH\View\View.php(216): CodeIgniter\View\View->CodeIgniter\View\{closure}()
 4 SYSTEMPATH\Common.php(1184): CodeIgniter\View\View->render('update_buku', [], true)
 5 APPPATH\Controllers\Buku.php(57): view('update_buku', [...])
 6 SYSTEMPATH\CodeIgniter.php(934): App\Controllers\Buku->editBuku('1')
 7 SYSTEMPATH\CodeIgniter.php(499): CodeIgniter\CodeIgniter->runController(Object(App\Controllers\Buku))
 8 SYSTEMPATH\CodeIgniter.php(368): CodeIgniter\CodeIgniter->handleRequest(null, Object(Config\Cache), false)
 9 FCPATH\index.php(67): CodeIgniter\CodeIgniter->run()
10 SYSTEMPATH\Commands\Server\rewrite.php(47): require_once('C:\\perpustakaan\\public\\index.php')
CRITICAL - 2023-06-15 16:46:18 --> Undefined variable $data
in APPPATH\Views\update_buku.php on line 5.
 1 APPPATH\Views\update_buku.php(5): CodeIgniter\Debug\Exceptions->errorHandler(2, 'Undefined variable $data', 'C:\\perpustakaan\\app\\Views\\update_buku.php', 5)
 2 SYSTEMPATH\View\View.php(213): include('C:\\perpustakaan\\app\\Views\\update_buku.php')
 3 SYSTEMPATH\View\View.php(216): CodeIgniter\View\View->CodeIgniter\View\{closure}()
 4 SYSTEMPATH\Common.php(1184): CodeIgniter\View\View->render('update_buku', [], true)
 5 APPPATH\Controllers\Buku.php(57): view('update_buku', [...])
 6 SYSTEMPATH\CodeIgniter.php(934): App\Controllers\Buku->editBuku('1')
 7 SYSTEMPATH\CodeIgniter.php(499): CodeIgniter\CodeIgniter->runController(Object(App\Controllers\Buku))
 8 SYSTEMPATH\CodeIgniter.php(368): CodeIgniter\CodeIgniter->handleRequest(null, Object(Config\Cache), false)
 9 FCPATH\index.php(67): CodeIgniter\CodeIgniter->run()
10 SYSTEMPATH\Commands\Server\rewrite.php(47): require_once('C:\\perpustakaan\\public\\index.php')
CRITICAL - 2023-06-15 16:48:38 --> Undefined variable $data
in APPPATH\Views\update_buku.php on line 5.
 1 APPPATH\Views\update_buku.php(5): CodeIgniter\Debug\Exceptions->errorHandler(2, 'Undefined variable $data', 'C:\\perpustakaan\\app\\Views\\update_buku.php', 5)
 2 SYSTEMPATH\View\View.php(213): include('C:\\perpustakaan\\app\\Views\\update_buku.php')
 3 SYSTEMPATH\View\View.php(216): CodeIgniter\View\View->CodeIgniter\View\{closure}()
 4 SYSTEMPATH\Common.php(1184): CodeIgniter\View\View->render('update_buku', [], true)
 5 APPPATH\Controllers\Buku.php(56): view('update_buku', [...])
 6 SYSTEMPATH\CodeIgniter.php(934): App\Controllers\Buku->editBuku('1')
 7 SYSTEMPATH\CodeIgniter.php(499): CodeIgniter\CodeIgniter->runController(Object(App\Controllers\Buku))
 8 SYSTEMPATH\CodeIgniter.php(368): CodeIgniter\CodeIgniter->handleRequest(null, Object(Config\Cache), false)
 9 FCPATH\index.php(67): CodeIgniter\CodeIgniter->run()
10 SYSTEMPATH\Commands\Server\rewrite.php(47): require_once('C:\\perpustakaan\\public\\index.php')
CRITICAL - 2023-06-15 16:50:45 --> Undefined variable $data
in APPPATH\Views\update_buku.php on line 5.
 1 APPPATH\Views\update_buku.php(5): CodeIgniter\Debug\Exceptions->errorHandler(2, 'Undefined variable $data', 'C:\\perpustakaan\\app\\Views\\update_buku.php', 5)
 2 SYSTEMPATH\View\View.php(213): include('C:\\perpustakaan\\app\\Views\\update_buku.php')
 3 SYSTEMPATH\View\View.php(216): CodeIgniter\View\View->CodeIgniter\View\{closure}()
 4 SYSTEMPATH\Common.php(1184): CodeIgniter\View\View->render('update_buku', [], true)
 5 APPPATH\Controllers\Buku.php(56): view('update_buku', [...])
 6 SYSTEMPATH\CodeIgniter.php(934): App\Controllers\Buku->editBuku('1')
 7 SYSTEMPATH\CodeIgniter.php(499): CodeIgniter\CodeIgniter->runController(Object(App\Controllers\Buku))
 8 SYSTEMPATH\CodeIgniter.php(368): CodeIgniter\CodeIgniter->handleRequest(null, Object(Config\Cache), false)
 9 FCPATH\index.php(67): CodeIgniter\CodeIgniter->run()
10 SYSTEMPATH\Commands\Server\rewrite.php(47): require_once('C:\\perpustakaan\\public\\index.php')
CRITICAL - 2023-06-15 16:56:01 --> Undefined variable $data
in APPPATH\Views\update_buku.php on line 5.
 1 APPPATH\Views\update_buku.php(5): CodeIgniter\Debug\Exceptions->errorHandler(2, 'Undefined variable $data', 'C:\\perpustakaan\\app\\Views\\update_buku.php', 5)
 2 SYSTEMPATH\View\View.php(213): include('C:\\perpustakaan\\app\\Views\\update_buku.php')
 3 SYSTEMPATH\View\View.php(216): CodeIgniter\View\View->CodeIgniter\View\{closure}()
 4 SYSTEMPATH\Common.php(1184): CodeIgniter\View\View->render('update_buku', [], true)
 5 APPPATH\Controllers\Buku.php(56): view('update_buku', [...])
 6 SYSTEMPATH\CodeIgniter.php(934): App\Controllers\Buku->editBuku('1')
 7 SYSTEMPATH\CodeIgniter.php(499): CodeIgniter\CodeIgniter->runController(Object(App\Controllers\Buku))
 8 SYSTEMPATH\CodeIgniter.php(368): CodeIgniter\CodeIgniter->handleRequest(null, Object(Config\Cache), false)
 9 FCPATH\index.php(67): CodeIgniter\CodeIgniter->run()
10 SYSTEMPATH\Commands\Server\rewrite.php(47): require_once('C:\\perpustakaan\\public\\index.php')
ERROR - 2023-06-15 17:00:33 --> mysqli_sql_exception: Unknown column 'title' in 'field list' in C:\perpustakaan\system\Database\MySQLi\Connection.php:295
Stack trace:
#0 C:\perpustakaan\system\Database\MySQLi\Connection.php(295): mysqli->query('UPDATE `tbl_buk...', 0)
#1 C:\perpustakaan\system\Database\BaseConnection.php(692): CodeIgniter\Database\MySQLi\Connection->execute('UPDATE `tbl_buk...')
#2 C:\perpustakaan\system\Database\BaseConnection.php(606): CodeIgniter\Database\BaseConnection->simpleQuery('UPDATE `tbl_buk...')
#3 C:\perpustakaan\system\Database\BaseBuilder.php(2476): CodeIgniter\Database\BaseConnection->query('UPDATE `tbl_buk...', Array, false)
#4 C:\perpustakaan\app\Models\Buku_model.php(31): CodeIgniter\Database\BaseBuilder->update(Array)
#5 C:\perpustakaan\app\Controllers\Buku.php(71): App\Models\Buku_Model->updateBuku('1', Array)
#6 C:\perpustakaan\system\CodeIgniter.php(934): App\Controllers\Buku->updateBuku('1')
#7 C:\perpustakaan\system\CodeIgniter.php(499): CodeIgniter\CodeIgniter->runController(Object(App\Controllers\Buku))
#8 C:\perpustakaan\system\CodeIgniter.php(368): CodeIgniter\CodeIgniter->handleRequest(NULL, Object(Config\Cache), false)
#9 C:\perpustakaan\public\index.php(67): CodeIgniter\CodeIgniter->run()
#10 C:\perpustakaan\system\Commands\Server\rewrite.php(47): require_once('C:\\perpustakaan...')
#11 {main}
CRITICAL - 2023-06-15 17:00:33 --> Unknown column 'title' in 'field list'
in SYSTEMPATH\Database\MySQLi\Connection.php on line 295.
 1 SYSTEMPATH\Database\MySQLi\Connection.php(295): mysqli->query('UPDATE `tbl_buku` SET `title` = \'Edit Buku\', `judul_buku` = \'\', `pengarang` = \'ppp\', `penerbit` = \'\'
WHERE `kd_buku` = \'1\'', 0)
 2 SYSTEMPATH\Database\BaseConnection.php(692): CodeIgniter\Database\MySQLi\Connection->execute('UPDATE `tbl_buku` SET `title` = \'Edit Buku\', `judul_buku` = \'\', `pengarang` = \'ppp\', `penerbit` = \'\'
WHERE `kd_buku` = \'1\'')
 3 SYSTEMPATH\Database\BaseConnection.php(606): CodeIgniter\Database\BaseConnection->simpleQuery('UPDATE `tbl_buku` SET `title` = \'Edit Buku\', `judul_buku` = \'\', `pengarang` = \'ppp\', `penerbit` = \'\'
WHERE `kd_buku` = \'1\'')
 4 SYSTEMPATH\Database\BaseBuilder.php(2476): CodeIgniter\Database\BaseConnection->query('UPDATE `tbl_buku` SET `title` = :title:, `judul_buku` = :judul_buku:, `pengarang` = :pengarang:, `penerbit` = :penerbit:
WHERE `kd_buku` = :kd_buku:', [...], false)
 5 APPPATH\Models\Buku_model.php(31): CodeIgniter\Database\BaseBuilder->update([...])
 6 APPPATH\Controllers\Buku.php(71): App\Models\Buku_Model->updateBuku('1', [...])
 7 SYSTEMPATH\CodeIgniter.php(934): App\Controllers\Buku->updateBuku('1')
 8 SYSTEMPATH\CodeIgniter.php(499): CodeIgniter\CodeIgniter->runController(Object(App\Controllers\Buku))
 9 SYSTEMPATH\CodeIgniter.php(368): CodeIgniter\CodeIgniter->handleRequest(null, Object(Config\Cache), false)
10 FCPATH\index.php(67): CodeIgniter\CodeIgniter->run()
11 SYSTEMPATH\Commands\Server\rewrite.php(47): require_once('C:\\perpustakaan\\public\\index.php')
CRITICAL - 2023-06-15 17:00:55 --> Invalid file: "/.php"
in SYSTEMPATH\Exceptions\FrameworkException.php on line 33.
 1 SYSTEMPATH\View\View.php(201): CodeIgniter\Exceptions\FrameworkException::forInvalidFile('/.php')
 2 SYSTEMPATH\Common.php(1184): CodeIgniter\View\View->render('/', [], true)
 3 APPPATH\Controllers\Buku.php(74): view('/', [...])
 4 SYSTEMPATH\CodeIgniter.php(934): App\Controllers\Buku->updateBuku('1')
 5 SYSTEMPATH\CodeIgniter.php(499): CodeIgniter\CodeIgniter->runController(Object(App\Controllers\Buku))
 6 SYSTEMPATH\CodeIgniter.php(368): CodeIgniter\CodeIgniter->handleRequest(null, Object(Config\Cache), false)
 7 FCPATH\index.php(67): CodeIgniter\CodeIgniter->run()
 8 SYSTEMPATH\Commands\Server\rewrite.php(47): require_once('C:\\perpustakaan\\public\\index.php')
CRITICAL - 2023-06-15 17:02:16 --> Undefined variable $getData
in APPPATH\Views\buku_view.php on line 20.
 1 APPPATH\Views\buku_view.php(20): CodeIgniter\Debug\Exceptions->errorHandler(2, 'Undefined variable $getData', 'C:\\perpustakaan\\app\\Views\\buku_view.php', 20)
 2 SYSTEMPATH\View\View.php(213): include('C:\\perpustakaan\\app\\Views\\buku_view.php')
 3 SYSTEMPATH\View\View.php(216): CodeIgniter\View\View->CodeIgniter\View\{closure}()
 4 SYSTEMPATH\Common.php(1184): CodeIgniter\View\View->render('buku_view', [], true)
 5 APPPATH\Controllers\Buku.php(74): view('buku_view', [...])
 6 SYSTEMPATH\CodeIgniter.php(934): App\Controllers\Buku->updateBuku('1')
 7 SYSTEMPATH\CodeIgniter.php(499): CodeIgniter\CodeIgniter->runController(Object(App\Controllers\Buku))
 8 SYSTEMPATH\CodeIgniter.php(368): CodeIgniter\CodeIgniter->handleRequest(null, Object(Config\Cache), false)
 9 FCPATH\index.php(67): CodeIgniter\CodeIgniter->run()
10 SYSTEMPATH\Commands\Server\rewrite.php(47): require_once('C:\\perpustakaan\\public\\index.php')
CRITICAL - 2023-06-15 17:02:28 --> Undefined variable $getData
in APPPATH\Views\buku_view.php on line 20.
 1 APPPATH\Views\buku_view.php(20): CodeIgniter\Debug\Exceptions->errorHandler(2, 'Undefined variable $getData', 'C:\\perpustakaan\\app\\Views\\buku_view.php', 20)
 2 SYSTEMPATH\View\View.php(213): include('C:\\perpustakaan\\app\\Views\\buku_view.php')
 3 SYSTEMPATH\View\View.php(216): CodeIgniter\View\View->CodeIgniter\View\{closure}()
 4 SYSTEMPATH\Common.php(1184): CodeIgniter\View\View->render('buku_view', [], true)
 5 APPPATH\Controllers\Buku.php(74): view('buku_view', [...])
 6 SYSTEMPATH\CodeIgniter.php(934): App\Controllers\Buku->updateBuku('1')
 7 SYSTEMPATH\CodeIgniter.php(499): CodeIgniter\CodeIgniter->runController(Object(App\Controllers\Buku))
 8 SYSTEMPATH\CodeIgniter.php(368): CodeIgniter\CodeIgniter->handleRequest(null, Object(Config\Cache), false)
 9 FCPATH\index.php(67): CodeIgniter\CodeIgniter->run()
10 SYSTEMPATH\Commands\Server\rewrite.php(47): require_once('C:\\perpustakaan\\public\\index.php')
CRITICAL - 2023-06-15 17:02:43 --> Undefined variable $getData
in APPPATH\Views\buku_view.php on line 20.
 1 APPPATH\Views\buku_view.php(20): CodeIgniter\Debug\Exceptions->errorHandler(2, 'Undefined variable $getData', 'C:\\perpustakaan\\app\\Views\\buku_view.php', 20)
 2 SYSTEMPATH\View\View.php(213): include('C:\\perpustakaan\\app\\Views\\buku_view.php')
 3 SYSTEMPATH\View\View.php(216): CodeIgniter\View\View->CodeIgniter\View\{closure}()
 4 SYSTEMPATH\Common.php(1184): CodeIgniter\View\View->render('buku_view', [], true)
 5 APPPATH\Controllers\Buku.php(74): view('buku_view', [...])
 6 SYSTEMPATH\CodeIgniter.php(934): App\Controllers\Buku->updateBuku('1')
 7 SYSTEMPATH\CodeIgniter.php(499): CodeIgniter\CodeIgniter->runController(Object(App\Controllers\Buku))
 8 SYSTEMPATH\CodeIgniter.php(368): CodeIgniter\CodeIgniter->handleRequest(null, Object(Config\Cache), false)
 9 FCPATH\index.php(67): CodeIgniter\CodeIgniter->run()
10 SYSTEMPATH\Commands\Server\rewrite.php(47): require_once('C:\\perpustakaan\\public\\index.php')
CRITICAL - 2023-06-15 17:04:07 --> Undefined variable $buku
in APPPATH\Views\buku_view.php on line 20.
 1 APPPATH\Views\buku_view.php(20): CodeIgniter\Debug\Exceptions->errorHandler(2, 'Undefined variable $buku', 'C:\\perpustakaan\\app\\Views\\buku_view.php', 20)
 2 SYSTEMPATH\View\View.php(213): include('C:\\perpustakaan\\app\\Views\\buku_view.php')
 3 SYSTEMPATH\View\View.php(216): CodeIgniter\View\View->CodeIgniter\View\{closure}()
 4 SYSTEMPATH\Common.php(1184): CodeIgniter\View\View->render('buku_view', [], true)
 5 APPPATH\Controllers\Buku.php(17): view('buku_view', [...])
 6 SYSTEMPATH\CodeIgniter.php(934): App\Controllers\Buku->index()
 7 SYSTEMPATH\CodeIgniter.php(499): CodeIgniter\CodeIgniter->runController(Object(App\Controllers\Buku))
 8 SYSTEMPATH\CodeIgniter.php(368): CodeIgniter\CodeIgniter->handleRequest(null, Object(Config\Cache), false)
 9 FCPATH\index.php(67): CodeIgniter\CodeIgniter->run()
10 SYSTEMPATH\Commands\Server\rewrite.php(47): require_once('C:\\perpustakaan\\public\\index.php')
CRITICAL - 2023-06-15 17:04:07 --> Undefined variable $buku
in APPPATH\Views\buku_view.php on line 20.
 1 APPPATH\Views\buku_view.php(20): CodeIgniter\Debug\Exceptions->errorHandler(2, 'Undefined variable $buku', 'C:\\perpustakaan\\app\\Views\\buku_view.php', 20)
 2 SYSTEMPATH\View\View.php(213): include('C:\\perpustakaan\\app\\Views\\buku_view.php')
 3 SYSTEMPATH\View\View.php(216): CodeIgniter\View\View->CodeIgniter\View\{closure}()
 4 SYSTEMPATH\Common.php(1184): CodeIgniter\View\View->render('buku_view', [], true)
 5 APPPATH\Controllers\Buku.php(17): view('buku_view', [...])
 6 SYSTEMPATH\CodeIgniter.php(934): App\Controllers\Buku->index()
 7 SYSTEMPATH\CodeIgniter.php(499): CodeIgniter\CodeIgniter->runController(Object(App\Controllers\Buku))
 8 SYSTEMPATH\CodeIgniter.php(368): CodeIgniter\CodeIgniter->handleRequest(null, Object(Config\Cache), false)
 9 FCPATH\index.php(67): CodeIgniter\CodeIgniter->run()
10 SYSTEMPATH\Commands\Server\rewrite.php(47): require_once('C:\\perpustakaan\\public\\index.php')
CRITICAL - 2023-06-15 17:04:09 --> Undefined variable $buku
in APPPATH\Views\buku_view.php on line 20.
 1 APPPATH\Views\buku_view.php(20): CodeIgniter\Debug\Exceptions->errorHandler(2, 'Undefined variable $buku', 'C:\\perpustakaan\\app\\Views\\buku_view.php', 20)
 2 SYSTEMPATH\View\View.php(213): include('C:\\perpustakaan\\app\\Views\\buku_view.php')
 3 SYSTEMPATH\View\View.php(216): CodeIgniter\View\View->CodeIgniter\View\{closure}()
 4 SYSTEMPATH\Common.php(1184): CodeIgniter\View\View->render('buku_view', [], true)
 5 APPPATH\Controllers\Buku.php(17): view('buku_view', [...])
 6 SYSTEMPATH\CodeIgniter.php(934): App\Controllers\Buku->index()
 7 SYSTEMPATH\CodeIgniter.php(499): CodeIgniter\CodeIgniter->runController(Object(App\Controllers\Buku))
 8 SYSTEMPATH\CodeIgniter.php(368): CodeIgniter\CodeIgniter->handleRequest(null, Object(Config\Cache), false)
 9 FCPATH\index.php(67): CodeIgniter\CodeIgniter->run()
10 SYSTEMPATH\Commands\Server\rewrite.php(47): require_once('C:\\perpustakaan\\public\\index.php')
CRITICAL - 2023-06-15 17:04:45 --> Undefined variable $buku
in APPPATH\Views\update_buku.php on line 5.
 1 APPPATH\Views\update_buku.php(5): CodeIgniter\Debug\Exceptions->errorHandler(2, 'Undefined variable $buku', 'C:\\perpustakaan\\app\\Views\\update_buku.php', 5)
 2 SYSTEMPATH\View\View.php(213): include('C:\\perpustakaan\\app\\Views\\update_buku.php')
 3 SYSTEMPATH\View\View.php(216): CodeIgniter\View\View->CodeIgniter\View\{closure}()
 4 SYSTEMPATH\Common.php(1184): CodeIgniter\View\View->render('update_buku', [], true)
 5 APPPATH\Controllers\Buku.php(56): view('update_buku', [...])
 6 SYSTEMPATH\CodeIgniter.php(934): App\Controllers\Buku->editBuku('1')
 7 SYSTEMPATH\CodeIgniter.php(499): CodeIgniter\CodeIgniter->runController(Object(App\Controllers\Buku))
 8 SYSTEMPATH\CodeIgniter.php(368): CodeIgniter\CodeIgniter->handleRequest(null, Object(Config\Cache), false)
 9 FCPATH\index.php(67): CodeIgniter\CodeIgniter->run()
10 SYSTEMPATH\Commands\Server\rewrite.php(47): require_once('C:\\perpustakaan\\public\\index.php')
CRITICAL - 2023-06-15 17:05:04 --> Undefined variable $buku
in APPPATH\Views\update_buku.php on line 5.
 1 APPPATH\Views\update_buku.php(5): CodeIgniter\Debug\Exceptions->errorHandler(2, 'Undefined variable $buku', 'C:\\perpustakaan\\app\\Views\\update_buku.php', 5)
 2 SYSTEMPATH\View\View.php(213): include('C:\\perpustakaan\\app\\Views\\update_buku.php')
 3 SYSTEMPATH\View\View.php(216): CodeIgniter\View\View->CodeIgniter\View\{closure}()
 4 SYSTEMPATH\Common.php(1184): CodeIgniter\View\View->render('update_buku', [], true)
 5 APPPATH\Controllers\Buku.php(56): view('update_buku', [...])
 6 SYSTEMPATH\CodeIgniter.php(934): App\Controllers\Buku->editBuku('1')
 7 SYSTEMPATH\CodeIgniter.php(499): CodeIgniter\CodeIgniter->runController(Object(App\Controllers\Buku))
 8 SYSTEMPATH\CodeIgniter.php(368): CodeIgniter\CodeIgniter->handleRequest(null, Object(Config\Cache), false)
 9 FCPATH\index.php(67): CodeIgniter\CodeIgniter->run()
10 SYSTEMPATH\Commands\Server\rewrite.php(47): require_once('C:\\perpustakaan\\public\\index.php')
CRITICAL - 2023-06-15 17:05:32 --> Undefined variable $buku
in APPPATH\Views\update_buku.php on line 9.
 1 APPPATH\Views\update_buku.php(9): CodeIgniter\Debug\Exceptions->errorHandler(2, 'Undefined variable $buku', 'C:\\perpustakaan\\app\\Views\\update_buku.php', 9)
 2 SYSTEMPATH\View\View.php(213): include('C:\\perpustakaan\\app\\Views\\update_buku.php')
 3 SYSTEMPATH\View\View.php(216): CodeIgniter\View\View->CodeIgniter\View\{closure}()
 4 SYSTEMPATH\Common.php(1184): CodeIgniter\View\View->render('update_buku', [], true)
 5 APPPATH\Controllers\Buku.php(56): view('update_buku', [...])
 6 SYSTEMPATH\CodeIgniter.php(934): App\Controllers\Buku->editBuku('1')
 7 SYSTEMPATH\CodeIgniter.php(499): CodeIgniter\CodeIgniter->runController(Object(App\Controllers\Buku))
 8 SYSTEMPATH\CodeIgniter.php(368): CodeIgniter\CodeIgniter->handleRequest(null, Object(Config\Cache), false)
 9 FCPATH\index.php(67): CodeIgniter\CodeIgniter->run()
10 SYSTEMPATH\Commands\Server\rewrite.php(47): require_once('C:\\perpustakaan\\public\\index.php')
CRITICAL - 2023-06-15 17:05:55 --> Undefined variable $getData
in APPPATH\Views\buku_view.php on line 20.
 1 APPPATH\Views\buku_view.php(20): CodeIgniter\Debug\Exceptions->errorHandler(2, 'Undefined variable $getData', 'C:\\perpustakaan\\app\\Views\\buku_view.php', 20)
 2 SYSTEMPATH\View\View.php(213): include('C:\\perpustakaan\\app\\Views\\buku_view.php')
 3 SYSTEMPATH\View\View.php(216): CodeIgniter\View\View->CodeIgniter\View\{closure}()
 4 SYSTEMPATH\Common.php(1184): CodeIgniter\View\View->render('buku_view', [], true)
 5 APPPATH\Controllers\Buku.php(74): view('buku_view', [...])
 6 SYSTEMPATH\CodeIgniter.php(934): App\Controllers\Buku->updateBuku('1')
 7 SYSTEMPATH\CodeIgniter.php(499): CodeIgniter\CodeIgniter->runController(Object(App\Controllers\Buku))
 8 SYSTEMPATH\CodeIgniter.php(368): CodeIgniter\CodeIgniter->handleRequest(null, Object(Config\Cache), false)
 9 FCPATH\index.php(67): CodeIgniter\CodeIgniter->run()
10 SYSTEMPATH\Commands\Server\rewrite.php(47): require_once('C:\\perpustakaan\\public\\index.php')
INFO - 2023-06-15 17:07:25 --> Session: Class initialized using 'CodeIgniter\Session\Handlers\FileHandler' driver.
INFO - 2023-06-15 17:07:25 --> Session: Class initialized using 'CodeIgniter\Session\Handlers\FileHandler' driver.
INFO - 2023-06-15 17:07:51 --> Session: Class initialized using 'CodeIgniter\Session\Handlers\FileHandler' driver.
INFO - 2023-06-15 17:08:32 --> Session: Class initialized using 'CodeIgniter\Session\Handlers\FileHandler' driver.
INFO - 2023-06-15 17:08:37 --> Session: Class initialized using 'CodeIgniter\Session\Handlers\FileHandler' driver.
INFO - 2023-06-15 17:10:40 --> Session: Class initialized using 'CodeIgniter\Session\Handlers\FileHandler' driver.
INFO - 2023-06-15 17:11:20 --> Session: Class initialized using 'CodeIgniter\Session\Handlers\FileHandler' driver.
INFO - 2023-06-15 17:11:23 --> Session: Class initialized using 'CodeIgniter\Session\Handlers\FileHandler' driver.
INFO - 2023-06-15 17:13:24 --> Session: Class initialized using 'CodeIgniter\Session\Handlers\FileHandler' driver.
INFO - 2023-06-15 17:13:26 --> Session: Class initialized using 'CodeIgniter\Session\Handlers\FileHandler' driver.
INFO - 2023-06-15 17:13:27 --> Session: Class initialized using 'CodeIgniter\Session\Handlers\FileHandler' driver.
INFO - 2023-06-15 17:13:28 --> Session: Class initialized using 'CodeIgniter\Session\Handlers\FileHandler' driver.
INFO - 2023-06-15 17:13:29 --> Session: Class initialized using 'CodeIgniter\Session\Handlers\FileHandler' driver.
INFO - 2023-06-15 17:13:29 --> Session: Class initialized using 'CodeIgniter\Session\Handlers\FileHandler' driver.
INFO - 2023-06-15 17:13:30 --> Session: Class initialized using 'CodeIgniter\Session\Handlers\FileHandler' driver.
INFO - 2023-06-15 17:13:31 --> Session: Class initialized using 'CodeIgniter\Session\Handlers\FileHandler' driver.
INFO - 2023-06-15 17:13:33 --> Session: Class initialized using 'CodeIgniter\Session\Handlers\FileHandler' driver.
INFO - 2023-06-15 17:13:37 --> Session: Class initialized using 'CodeIgniter\Session\Handlers\FileHandler' driver.
INFO - 2023-06-15 17:13:37 --> Session: Class initialized using 'CodeIgniter\Session\Handlers\FileHandler' driver.
INFO - 2023-06-15 17:15:40 --> Session: Class initialized using 'CodeIgniter\Session\Handlers\FileHandler' driver.
INFO - 2023-06-15 17:15:41 --> Session: Class initialized using 'CodeIgniter\Session\Handlers\FileHandler' driver.
INFO - 2023-06-15 17:15:45 --> Session: Class initialized using 'CodeIgniter\Session\Handlers\FileHandler' driver.
INFO - 2023-06-15 17:15:46 --> Session: Class initialized using 'CodeIgniter\Session\Handlers\FileHandler' driver.
INFO - 2023-06-15 17:16:38 --> Session: Class initialized using 'CodeIgniter\Session\Handlers\FileHandler' driver.
INFO - 2023-06-15 17:16:39 --> Session: Class initialized using 'CodeIgniter\Session\Handlers\FileHandler' driver.
INFO - 2023-06-15 17:16:43 --> Session: Class initialized using 'CodeIgniter\Session\Handlers\FileHandler' driver.
INFO - 2023-06-15 17:16:43 --> Session: Class initialized using 'CodeIgniter\Session\Handlers\FileHandler' driver.
INFO - 2023-06-15 17:17:04 --> Session: Class initialized using 'CodeIgniter\Session\Handlers\FileHandler' driver.
INFO - 2023-06-15 17:17:05 --> Session: Class initialized using 'CodeIgniter\Session\Handlers\FileHandler' driver.
INFO - 2023-06-15 17:17:08 --> Session: Class initialized using 'CodeIgniter\Session\Handlers\FileHandler' driver.
INFO - 2023-06-15 17:17:16 --> Session: Class initialized using 'CodeIgniter\Session\Handlers\FileHandler' driver.
INFO - 2023-06-15 17:17:42 --> Session: Class initialized using 'CodeIgniter\Session\Handlers\FileHandler' driver.
INFO - 2023-06-15 17:17:58 --> Session: Class initialized using 'CodeIgniter\Session\Handlers\FileHandler' driver.
INFO - 2023-06-15 17:18:02 --> Session: Class initialized using 'CodeIgniter\Session\Handlers\FileHandler' driver.
INFO - 2023-06-15 17:18:05 --> Session: Class initialized using 'CodeIgniter\Session\Handlers\FileHandler' driver.
INFO - 2023-06-15 17:18:12 --> Session: Class initialized using 'CodeIgniter\Session\Handlers\FileHandler' driver.
INFO - 2023-06-15 17:18:16 --> Session: Class initialized using 'CodeIgniter\Session\Handlers\FileHandler' driver.
INFO - 2023-06-15 17:18:18 --> Session: Class initialized using 'CodeIgniter\Session\Handlers\FileHandler' driver.
INFO - 2023-06-15 17:18:24 --> Session: Class initialized using 'CodeIgniter\Session\Handlers\FileHandler' driver.
INFO - 2023-06-15 17:18:43 --> Session: Class initialized using 'CodeIgniter\Session\Handlers\FileHandler' driver.
INFO - 2023-06-15 17:18:46 --> Session: Class initialized using 'CodeIgniter\Session\Handlers\FileHandler' driver.
INFO - 2023-06-15 17:18:47 --> Session: Class initialized using 'CodeIgniter\Session\Handlers\FileHandler' driver.
INFO - 2023-06-15 17:18:51 --> Session: Class initialized using 'CodeIgniter\Session\Handlers\FileHandler' driver.
INFO - 2023-06-15 17:18:53 --> Session: Class initialized using 'CodeIgniter\Session\Handlers\FileHandler' driver.
INFO - 2023-06-15 17:18:54 --> Session: Class initialized using 'CodeIgniter\Session\Handlers\FileHandler' driver.
INFO - 2023-06-15 17:18:58 --> Session: Class initialized using 'CodeIgniter\Session\Handlers\FileHandler' driver.
INFO - 2023-06-15 17:19:01 --> Session: Class initialized using 'CodeIgniter\Session\Handlers\FileHandler' driver.
INFO - 2023-06-15 17:19:12 --> Session: Class initialized using 'CodeIgniter\Session\Handlers\FileHandler' driver.
INFO - 2023-06-15 17:19:16 --> Session: Class initialized using 'CodeIgniter\Session\Handlers\FileHandler' driver.
INFO - 2023-06-15 17:19:18 --> Session: Class initialized using 'CodeIgniter\Session\Handlers\FileHandler' driver.
INFO - 2023-06-15 17:19:23 --> Session: Class initialized using 'CodeIgniter\Session\Handlers\FileHandler' driver.
INFO - 2023-06-15 17:19:26 --> Session: Class initialized using 'CodeIgniter\Session\Handlers\FileHandler' driver.
INFO - 2023-06-15 17:19:30 --> Session: Class initialized using 'CodeIgniter\Session\Handlers\FileHandler' driver.
INFO - 2023-06-15 17:19:30 --> Session: Class initialized using 'CodeIgniter\Session\Handlers\FileHandler' driver.
INFO - 2023-06-15 17:20:41 --> Session: Class initialized using 'CodeIgniter\Session\Handlers\FileHandler' driver.
INFO - 2023-06-15 17:20:46 --> Session: Class initialized using 'CodeIgniter\Session\Handlers\FileHandler' driver.
INFO - 2023-06-15 17:20:46 --> Session: Class initialized using 'CodeIgniter\Session\Handlers\FileHandler' driver.
INFO - 2023-06-15 17:21:00 --> Session: Class initialized using 'CodeIgniter\Session\Handlers\FileHandler' driver.
INFO - 2023-06-15 17:21:02 --> Session: Class initialized using 'CodeIgniter\Session\Handlers\FileHandler' driver.
INFO - 2023-06-15 17:22:13 --> Session: Class initialized using 'CodeIgniter\Session\Handlers\FileHandler' driver.
INFO - 2023-06-15 17:22:14 --> Session: Class initialized using 'CodeIgniter\Session\Handlers\FileHandler' driver.
INFO - 2023-06-15 17:22:16 --> Session: Class initialized using 'CodeIgniter\Session\Handlers\FileHandler' driver.
INFO - 2023-06-15 17:22:17 --> Session: Class initialized using 'CodeIgniter\Session\Handlers\FileHandler' driver.
INFO - 2023-06-15 17:23:01 --> Session: Class initialized using 'CodeIgniter\Session\Handlers\FileHandler' driver.
INFO - 2023-06-15 17:23:02 --> Session: Class initialized using 'CodeIgniter\Session\Handlers\FileHandler' driver.
INFO - 2023-06-15 17:23:37 --> Session: Class initialized using 'CodeIgniter\Session\Handlers\FileHandler' driver.
INFO - 2023-06-15 17:24:09 --> Session: Class initialized using 'CodeIgniter\Session\Handlers\FileHandler' driver.
INFO - 2023-06-15 17:24:30 --> Session: Class initialized using 'CodeIgniter\Session\Handlers\FileHandler' driver.
INFO - 2023-06-15 17:25:48 --> Session: Class initialized using 'CodeIgniter\Session\Handlers\FileHandler' driver.
INFO - 2023-06-15 17:25:49 --> Session: Class initialized using 'CodeIgniter\Session\Handlers\FileHandler' driver.
INFO - 2023-06-15 17:25:49 --> Session: Class initialized using 'CodeIgniter\Session\Handlers\FileHandler' driver.
INFO - 2023-06-15 17:25:53 --> Session: Class initialized using 'CodeIgniter\Session\Handlers\FileHandler' driver.
INFO - 2023-06-15 17:25:55 --> Session: Class initialized using 'CodeIgniter\Session\Handlers\FileHandler' driver.
INFO - 2023-06-15 17:25:55 --> Session: Class initialized using 'CodeIgniter\Session\Handlers\FileHandler' driver.
INFO - 2023-06-15 17:27:30 --> Session: Class initialized using 'CodeIgniter\Session\Handlers\FileHandler' driver.
INFO - 2023-06-15 17:27:31 --> Session: Class initialized using 'CodeIgniter\Session\Handlers\FileHandler' driver.
INFO - 2023-06-15 17:28:07 --> Session: Class initialized using 'CodeIgniter\Session\Handlers\FileHandler' driver.
INFO - 2023-06-15 17:28:11 --> Session: Class initialized using 'CodeIgniter\Session\Handlers\FileHandler' driver.
INFO - 2023-06-15 17:28:12 --> Session: Class initialized using 'CodeIgniter\Session\Handlers\FileHandler' driver.
INFO - 2023-06-15 17:30:33 --> Session: Class initialized using 'CodeIgniter\Session\Handlers\FileHandler' driver.
INFO - 2023-06-15 17:30:35 --> Session: Class initialized using 'CodeIgniter\Session\Handlers\FileHandler' driver.
INFO - 2023-06-15 17:30:48 --> Session: Class initialized using 'CodeIgniter\Session\Handlers\FileHandler' driver.
INFO - 2023-06-15 17:30:48 --> Session: Class initialized using 'CodeIgniter\Session\Handlers\FileHandler' driver.
INFO - 2023-06-15 17:32:55 --> Session: Class initialized using 'CodeIgniter\Session\Handlers\FileHandler' driver.
INFO - 2023-06-15 17:34:36 --> Session: Class initialized using 'CodeIgniter\Session\Handlers\FileHandler' driver.
INFO - 2023-06-15 17:34:43 --> Session: Class initialized using 'CodeIgniter\Session\Handlers\FileHandler' driver.
INFO - 2023-06-15 17:35:45 --> Session: Class initialized using 'CodeIgniter\Session\Handlers\FileHandler' driver.
INFO - 2023-06-15 17:35:52 --> Session: Class initialized using 'CodeIgniter\Session\Handlers\FileHandler' driver.
INFO - 2023-06-15 17:35:52 --> Session: Class initialized using 'CodeIgniter\Session\Handlers\FileHandler' driver.
INFO - 2023-06-15 17:35:56 --> Session: Class initialized using 'CodeIgniter\Session\Handlers\FileHandler' driver.
INFO - 2023-06-15 17:36:01 --> Session: Class initialized using 'CodeIgniter\Session\Handlers\FileHandler' driver.
INFO - 2023-06-15 17:36:02 --> Session: Class initialized using 'CodeIgniter\Session\Handlers\FileHandler' driver.
INFO - 2023-06-15 17:36:04 --> Session: Class initialized using 'CodeIgniter\Session\Handlers\FileHandler' driver.
INFO - 2023-06-15 17:36:06 --> Session: Class initialized using 'CodeIgniter\Session\Handlers\FileHandler' driver.
INFO - 2023-06-15 17:36:09 --> Session: Class initialized using 'CodeIgniter\Session\Handlers\FileHandler' driver.
INFO - 2023-06-15 17:38:13 --> Session: Class initialized using 'CodeIgniter\Session\Handlers\FileHandler' driver.
INFO - 2023-06-15 17:38:15 --> Session: Class initialized using 'CodeIgniter\Session\Handlers\FileHandler' driver.
INFO - 2023-06-15 17:38:16 --> Session: Class initialized using 'CodeIgniter\Session\Handlers\FileHandler' driver.
INFO - 2023-06-15 17:38:21 --> Session: Class initialized using 'CodeIgniter\Session\Handlers\FileHandler' driver.
INFO - 2023-06-15 17:38:21 --> Session: Class initialized using 'CodeIgniter\Session\Handlers\FileHandler' driver.
INFO - 2023-06-15 17:39:29 --> Session: Class initialized using 'CodeIgniter\Session\Handlers\FileHandler' driver.
CRITICAL - 2023-06-15 17:39:32 --> You must set the database table to be used with your query.
in SYSTEMPATH\Database\BaseConnection.php on line 883.
 1 SYSTEMPATH\Model.php(642): CodeIgniter\Database\BaseConnection->table(null)
 2 SYSTEMPATH\Model.php(188): CodeIgniter\Model->builder()
 3 SYSTEMPATH\BaseModel.php(557): CodeIgniter\Model->doFind(true, '7')
 4 APPPATH\Controllers\Buku.php(84): CodeIgniter\BaseModel->find('7')
 5 SYSTEMPATH\CodeIgniter.php(934): App\Controllers\Buku->deleteBuku('7')
 6 SYSTEMPATH\CodeIgniter.php(499): CodeIgniter\CodeIgniter->runController(Object(App\Controllers\Buku))
 7 SYSTEMPATH\CodeIgniter.php(368): CodeIgniter\CodeIgniter->handleRequest(null, Object(Config\Cache), false)
 8 FCPATH\index.php(67): CodeIgniter\CodeIgniter->run()
 9 SYSTEMPATH\Commands\Server\rewrite.php(47): require_once('C:\\perpustakaan\\public\\index.php')
INFO - 2023-06-15 17:40:52 --> Session: Class initialized using 'CodeIgniter\Session\Handlers\FileHandler' driver.
INFO - 2023-06-15 17:40:54 --> Session: Class initialized using 'CodeIgniter\Session\Handlers\FileHandler' driver.
CRITICAL - 2023-06-15 17:40:58 --> You must set the database table to be used with your query.
in SYSTEMPATH\Database\BaseConnection.php on line 883.
 1 SYSTEMPATH\Model.php(642): CodeIgniter\Database\BaseConnection->table(null)
 2 SYSTEMPATH\Model.php(188): CodeIgniter\Model->builder()
 3 SYSTEMPATH\BaseModel.php(557): CodeIgniter\Model->doFind(true, '7')
 4 APPPATH\Controllers\Buku.php(83): CodeIgniter\BaseModel->find('7')
 5 SYSTEMPATH\CodeIgniter.php(934): App\Controllers\Buku->deleteBuku('7')
 6 SYSTEMPATH\CodeIgniter.php(499): CodeIgniter\CodeIgniter->runController(Object(App\Controllers\Buku))
 7 SYSTEMPATH\CodeIgniter.php(368): CodeIgniter\CodeIgniter->handleRequest(null, Object(Config\Cache), false)
 8 FCPATH\index.php(67): CodeIgniter\CodeIgniter->run()
 9 SYSTEMPATH\Commands\Server\rewrite.php(47): require_once('C:\\perpustakaan\\public\\index.php')
INFO - 2023-06-15 17:43:50 --> Session: Class initialized using 'CodeIgniter\Session\Handlers\FileHandler' driver.
INFO - 2023-06-15 17:43:51 --> Session: Class initialized using 'CodeIgniter\Session\Handlers\FileHandler' driver.
INFO - 2023-06-15 17:43:54 --> Session: Class initialized using 'CodeIgniter\Session\Handlers\FileHandler' driver.
INFO - 2023-06-15 17:43:54 --> Session: Class initialized using 'CodeIgniter\Session\Handlers\FileHandler' driver.
INFO - 2023-06-15 17:43:58 --> Session: Class initialized using 'CodeIgniter\Session\Handlers\FileHandler' driver.
INFO - 2023-06-15 17:45:03 --> Session: Class initialized using 'CodeIgniter\Session\Handlers\FileHandler' driver.
INFO - 2023-06-15 17:45:04 --> Session: Class initialized using 'CodeIgniter\Session\Handlers\FileHandler' driver.
INFO - 2023-06-15 17:45:06 --> Session: Class initialized using 'CodeIgniter\Session\Handlers\FileHandler' driver.
INFO - 2023-06-15 17:45:06 --> Session: Class initialized using 'CodeIgniter\Session\Handlers\FileHandler' driver.
CRITICAL - 2023-06-15 17:46:00 --> syntax error, unexpected token "}", expecting ";"
in APPPATH\Models\Buku_model.php on line 39.
 1 SYSTEMPATH\Autoloader\Autoloader.php(289): CodeIgniter\Autoloader\Autoloader->includeFile('C:\\perpustakaan\\app\\Models\\Buku_Model.php')
 2 SYSTEMPATH\Autoloader\Autoloader.php(267): CodeIgniter\Autoloader\Autoloader->loadInNamespace('App\\Models\\Buku_Model')
 3 APPPATH\Controllers\Buku.php(13): CodeIgniter\Autoloader\Autoloader->loadClass('App\\Models\\Buku_Model')
 4 SYSTEMPATH\CodeIgniter.php(906): App\Controllers\Buku->__construct()
 5 SYSTEMPATH\CodeIgniter.php(490): CodeIgniter\CodeIgniter->createController()
 6 SYSTEMPATH\CodeIgniter.php(368): CodeIgniter\CodeIgniter->handleRequest(null, Object(Config\Cache), false)
 7 FCPATH\index.php(67): CodeIgniter\CodeIgniter->run()
 8 SYSTEMPATH\Commands\Server\rewrite.php(47): require_once('C:\\perpustakaan\\public\\index.php')
INFO - 2023-06-15 17:46:13 --> Session: Class initialized using 'CodeIgniter\Session\Handlers\FileHandler' driver.
INFO - 2023-06-15 17:46:18 --> Session: Class initialized using 'CodeIgniter\Session\Handlers\FileHandler' driver.
INFO - 2023-06-15 17:46:18 --> Session: Class initialized using 'CodeIgniter\Session\Handlers\FileHandler' driver.
INFO - 2023-06-15 17:47:57 --> Session: Class initialized using 'CodeIgniter\Session\Handlers\FileHandler' driver.
INFO - 2023-06-15 17:47:59 --> Session: Class initialized using 'CodeIgniter\Session\Handlers\FileHandler' driver.
INFO - 2023-06-15 17:48:00 --> Session: Class initialized using 'CodeIgniter\Session\Handlers\FileHandler' driver.
INFO - 2023-06-15 17:48:04 --> Session: Class initialized using 'CodeIgniter\Session\Handlers\FileHandler' driver.
INFO - 2023-06-15 17:48:28 --> Session: Class initialized using 'CodeIgniter\Session\Handlers\FileHandler' driver.
INFO - 2023-06-15 17:48:33 --> Session: Class initialized using 'CodeIgniter\Session\Handlers\FileHandler' driver.
INFO - 2023-06-15 17:48:34 --> Session: Class initialized using 'CodeIgniter\Session\Handlers\FileHandler' driver.
INFO - 2023-06-15 17:48:40 --> Session: Class initialized using 'CodeIgniter\Session\Handlers\FileHandler' driver.
INFO - 2023-06-15 17:48:40 --> Session: Class initialized using 'CodeIgniter\Session\Handlers\FileHandler' driver.
INFO - 2023-06-15 17:48:57 --> Session: Class initialized using 'CodeIgniter\Session\Handlers\FileHandler' driver.
INFO - 2023-06-15 17:48:59 --> Session: Class initialized using 'CodeIgniter\Session\Handlers\FileHandler' driver.
INFO - 2023-06-15 17:49:01 --> Session: Class initialized using 'CodeIgniter\Session\Handlers\FileHandler' driver.
INFO - 2023-06-15 17:49:06 --> Session: Class initialized using 'CodeIgniter\Session\Handlers\FileHandler' driver.
INFO - 2023-06-15 17:49:13 --> Session: Class initialized using 'CodeIgniter\Session\Handlers\FileHandler' driver.
INFO - 2023-06-15 17:49:23 --> Session: Class initialized using 'CodeIgniter\Session\Handlers\FileHandler' driver.
