INFO - 2023-06-29 00:04:54 --> Session: Class initialized using 'CodeIgniter\Session\Handlers\FileHandler' driver.
INFO - 2023-06-29 00:04:57 --> Session: Class initialized using 'CodeIgniter\Session\Handlers\FileHandler' driver.
INFO - 2023-06-29 00:11:06 --> Session: Class initialized using 'CodeIgniter\Session\Handlers\FileHandler' driver.
CRITICAL - 2023-06-29 00:11:06 --> Undefined variable $config
in APPPATH\Views\header_view.php on line 54.
 1 APPPATH\Views\header_view.php(54): CodeIgniter\Debug\Exceptions->errorHandler(2, 'Undefined variable $config', 'C:\\perpustakaan\\app\\Views\\header_view.php', 54)
 2 SYSTEMPATH\View\View.php(213): include('C:\\perpustakaan\\app\\Views\\header_view.php')
 3 SYSTEMPATH\View\View.php(216): CodeIgniter\View\View->CodeIgniter\View\{closure}()
 4 SYSTEMPATH\Common.php(1184): CodeIgniter\View\View->render('header_view', [], true)
 5 APPPATH\Controllers\Buku.php(19): view('header_view', [...])
 6 SYSTEMPATH\CodeIgniter.php(934): App\Controllers\Buku->index()
 7 SYSTEMPATH\CodeIgniter.php(499): CodeIgniter\CodeIgniter->runController(Object(App\Controllers\Buku))
 8 SYSTEMPATH\CodeIgniter.php(368): CodeIgniter\CodeIgniter->handleRequest(null, Object(Config\Cache), false)
 9 FCPATH\index.php(67): CodeIgniter\CodeIgniter->run()
10 SYSTEMPATH\Commands\Server\rewrite.php(47): require_once('C:\\perpustakaan\\public\\index.php')
INFO - 2023-06-29 00:11:14 --> Session: Class initialized using 'CodeIgniter\Session\Handlers\FileHandler' driver.
CRITICAL - 2023-06-29 00:11:14 --> Undefined variable $config
in APPPATH\Views\header_view.php on line 54.
 1 APPPATH\Views\header_view.php(54): CodeIgniter\Debug\Exceptions->errorHandler(2, 'Undefined variable $config', 'C:\\perpustakaan\\app\\Views\\header_view.php', 54)
 2 SYSTEMPATH\View\View.php(213): include('C:\\perpustakaan\\app\\Views\\header_view.php')
 3 SYSTEMPATH\View\View.php(216): CodeIgniter\View\View->CodeIgniter\View\{closure}()
 4 SYSTEMPATH\Common.php(1184): CodeIgniter\View\View->render('header_view', [], true)
 5 APPPATH\Controllers\Buku.php(19): view('header_view', [...])
 6 SYSTEMPATH\CodeIgniter.php(934): App\Controllers\Buku->index()
 7 SYSTEMPATH\CodeIgniter.php(499): CodeIgniter\CodeIgniter->runController(Object(App\Controllers\Buku))
 8 SYSTEMPATH\CodeIgniter.php(368): CodeIgniter\CodeIgniter->handleRequest(null, Object(Config\Cache), false)
 9 FCPATH\index.php(67): CodeIgniter\CodeIgniter->run()
10 SYSTEMPATH\Commands\Server\rewrite.php(47): require_once('C:\\perpustakaan\\public\\index.php')
INFO - 2023-06-29 00:19:08 --> Session: Class initialized using 'CodeIgniter\Session\Handlers\FileHandler' driver.
CRITICAL - 2023-06-29 00:19:08 --> Undefined variable $config
in APPPATH\Views\header_view.php on line 54.
 1 APPPATH\Views\header_view.php(54): CodeIgniter\Debug\Exceptions->errorHandler(2, 'Undefined variable $config', 'C:\\perpustakaan\\app\\Views\\header_view.php', 54)
 2 SYSTEMPATH\View\View.php(213): include('C:\\perpustakaan\\app\\Views\\header_view.php')
 3 SYSTEMPATH\View\View.php(216): CodeIgniter\View\View->CodeIgniter\View\{closure}()
 4 SYSTEMPATH\Common.php(1184): CodeIgniter\View\View->render('header_view', [], true)
 5 APPPATH\Controllers\Buku.php(19): view('header_view', [...])
 6 SYSTEMPATH\CodeIgniter.php(934): App\Controllers\Buku->index()
 7 SYSTEMPATH\CodeIgniter.php(499): CodeIgniter\CodeIgniter->runController(Object(App\Controllers\Buku))
 8 SYSTEMPATH\CodeIgniter.php(368): CodeIgniter\CodeIgniter->handleRequest(null, Object(Config\Cache), false)
 9 FCPATH\index.php(67): CodeIgniter\CodeIgniter->run()
10 SYSTEMPATH\Commands\Server\rewrite.php(47): require_once('C:\\perpustakaan\\public\\index.php')
INFO - 2023-06-29 00:25:45 --> Session: Class initialized using 'CodeIgniter\Session\Handlers\FileHandler' driver.
INFO - 2023-06-29 00:25:46 --> Session: Class initialized using 'CodeIgniter\Session\Handlers\FileHandler' driver.
INFO - 2023-06-29 00:26:01 --> Session: Class initialized using 'CodeIgniter\Session\Handlers\FileHandler' driver.
INFO - 2023-06-29 00:26:09 --> Session: Class initialized using 'CodeIgniter\Session\Handlers\FileHandler' driver.
INFO - 2023-06-29 00:26:10 --> Session: Class initialized using 'CodeIgniter\Session\Handlers\FileHandler' driver.
INFO - 2023-06-29 00:26:24 --> Session: Class initialized using 'CodeIgniter\Session\Handlers\FileHandler' driver.
CRITICAL - 2023-06-29 00:26:24 --> Undefined variable $config
in APPPATH\Views\header_view.php on line 54.
 1 APPPATH\Views\header_view.php(54): CodeIgniter\Debug\Exceptions->errorHandler(2, 'Undefined variable $config', 'C:\\perpustakaan\\app\\Views\\header_view.php', 54)
 2 SYSTEMPATH\View\View.php(213): include('C:\\perpustakaan\\app\\Views\\header_view.php')
 3 SYSTEMPATH\View\View.php(216): CodeIgniter\View\View->CodeIgniter\View\{closure}()
 4 SYSTEMPATH\Common.php(1184): CodeIgniter\View\View->render('header_view', [], true)
 5 APPPATH\Controllers\Buku.php(19): view('header_view', [...])
 6 SYSTEMPATH\CodeIgniter.php(934): App\Controllers\Buku->index()
 7 SYSTEMPATH\CodeIgniter.php(499): CodeIgniter\CodeIgniter->runController(Object(App\Controllers\Buku))
 8 SYSTEMPATH\CodeIgniter.php(368): CodeIgniter\CodeIgniter->handleRequest(null, Object(Config\Cache), false)
 9 FCPATH\index.php(67): CodeIgniter\CodeIgniter->run()
10 SYSTEMPATH\Commands\Server\rewrite.php(47): require_once('C:\\perpustakaan\\public\\index.php')
INFO - 2023-06-29 00:29:31 --> Session: Class initialized using 'CodeIgniter\Session\Handlers\FileHandler' driver.
CRITICAL - 2023-06-29 00:29:31 --> Undefined variable $config
in APPPATH\Views\header_view.php on line 54.
 1 APPPATH\Views\header_view.php(54): CodeIgniter\Debug\Exceptions->errorHandler(2, 'Undefined variable $config', 'C:\\perpustakaan\\app\\Views\\header_view.php', 54)
 2 SYSTEMPATH\View\View.php(213): include('C:\\perpustakaan\\app\\Views\\header_view.php')
 3 SYSTEMPATH\View\View.php(216): CodeIgniter\View\View->CodeIgniter\View\{closure}()
 4 SYSTEMPATH\Common.php(1184): CodeIgniter\View\View->render('header_view', [], true)
 5 APPPATH\Controllers\Buku.php(19): view('header_view', [...])
 6 SYSTEMPATH\CodeIgniter.php(934): App\Controllers\Buku->index()
 7 SYSTEMPATH\CodeIgniter.php(499): CodeIgniter\CodeIgniter->runController(Object(App\Controllers\Buku))
 8 SYSTEMPATH\CodeIgniter.php(368): CodeIgniter\CodeIgniter->handleRequest(null, Object(Config\Cache), false)
 9 FCPATH\index.php(67): CodeIgniter\CodeIgniter->run()
10 SYSTEMPATH\Commands\Server\rewrite.php(47): require_once('C:\\perpustakaan\\public\\index.php')
INFO - 2023-06-29 00:40:18 --> Session: Class initialized using 'CodeIgniter\Session\Handlers\FileHandler' driver.
INFO - 2023-06-29 00:40:29 --> Session: Class initialized using 'CodeIgniter\Session\Handlers\FileHandler' driver.
INFO - 2023-06-29 00:40:31 --> Session: Class initialized using 'CodeIgniter\Session\Handlers\FileHandler' driver.
CRITICAL - 2023-06-29 00:40:31 --> Undefined variable $config
in APPPATH\Views\header_view.php on line 54.
 1 APPPATH\Views\header_view.php(54): CodeIgniter\Debug\Exceptions->errorHandler(2, 'Undefined variable $config', 'C:\\perpustakaan\\app\\Views\\header_view.php', 54)
 2 SYSTEMPATH\View\View.php(213): include('C:\\perpustakaan\\app\\Views\\header_view.php')
 3 SYSTEMPATH\View\View.php(216): CodeIgniter\View\View->CodeIgniter\View\{closure}()
 4 SYSTEMPATH\Common.php(1184): CodeIgniter\View\View->render('header_view', [], true)
 5 APPPATH\Controllers\Anggota.php(19): view('header_view', [...])
 6 SYSTEMPATH\CodeIgniter.php(934): App\Controllers\Anggota->index()
 7 SYSTEMPATH\CodeIgniter.php(499): CodeIgniter\CodeIgniter->runController(Object(App\Controllers\Anggota))
 8 SYSTEMPATH\CodeIgniter.php(368): CodeIgniter\CodeIgniter->handleRequest(null, Object(Config\Cache), false)
 9 FCPATH\index.php(67): CodeIgniter\CodeIgniter->run()
10 SYSTEMPATH\Commands\Server\rewrite.php(47): require_once('C:\\perpustakaan\\public\\index.php')
INFO - 2023-06-29 00:40:37 --> Session: Class initialized using 'CodeIgniter\Session\Handlers\FileHandler' driver.
INFO - 2023-06-29 00:40:40 --> Session: Class initialized using 'CodeIgniter\Session\Handlers\FileHandler' driver.
INFO - 2023-06-29 00:40:41 --> Session: Class initialized using 'CodeIgniter\Session\Handlers\FileHandler' driver.
INFO - 2023-06-29 00:40:44 --> Session: Class initialized using 'CodeIgniter\Session\Handlers\FileHandler' driver.
INFO - 2023-06-29 00:40:46 --> Session: Class initialized using 'CodeIgniter\Session\Handlers\FileHandler' driver.
CRITICAL - 2023-06-29 00:40:46 --> Undefined variable $config
in APPPATH\Views\header_view.php on line 54.
 1 APPPATH\Views\header_view.php(54): CodeIgniter\Debug\Exceptions->errorHandler(2, 'Undefined variable $config', 'C:\\perpustakaan\\app\\Views\\header_view.php', 54)
 2 SYSTEMPATH\View\View.php(213): include('C:\\perpustakaan\\app\\Views\\header_view.php')
 3 SYSTEMPATH\View\View.php(216): CodeIgniter\View\View->CodeIgniter\View\{closure}()
 4 SYSTEMPATH\Common.php(1184): CodeIgniter\View\View->render('header_view', [], true)
 5 APPPATH\Controllers\Buku.php(32): view('header_view', [...])
 6 SYSTEMPATH\CodeIgniter.php(934): App\Controllers\Buku->tambah()
 7 SYSTEMPATH\CodeIgniter.php(499): CodeIgniter\CodeIgniter->runController(Object(App\Controllers\Buku))
 8 SYSTEMPATH\CodeIgniter.php(368): CodeIgniter\CodeIgniter->handleRequest(null, Object(Config\Cache), false)
 9 FCPATH\index.php(67): CodeIgniter\CodeIgniter->run()
10 SYSTEMPATH\Commands\Server\rewrite.php(47): require_once('C:\\perpustakaan\\public\\index.php')
INFO - 2023-06-29 00:40:49 --> Session: Class initialized using 'CodeIgniter\Session\Handlers\FileHandler' driver.
INFO - 2023-06-29 00:48:26 --> Session: Class initialized using 'CodeIgniter\Session\Handlers\FileHandler' driver.
CRITICAL - 2023-06-29 00:48:26 --> Undefined variable $config
in APPPATH\Views\header_view.php on line 54.
 1 APPPATH\Views\header_view.php(54): CodeIgniter\Debug\Exceptions->errorHandler(2, 'Undefined variable $config', 'C:\\perpustakaan\\app\\Views\\header_view.php', 54)
 2 SYSTEMPATH\View\View.php(213): include('C:\\perpustakaan\\app\\Views\\header_view.php')
 3 SYSTEMPATH\View\View.php(216): CodeIgniter\View\View->CodeIgniter\View\{closure}()
 4 SYSTEMPATH\Common.php(1184): CodeIgniter\View\View->render('header_view', [], true)
 5 APPPATH\Controllers\Buku.php(22): view('header_view', [...])
 6 SYSTEMPATH\CodeIgniter.php(934): App\Controllers\Buku->index()
 7 SYSTEMPATH\CodeIgniter.php(499): CodeIgniter\CodeIgniter->runController(Object(App\Controllers\Buku))
 8 SYSTEMPATH\CodeIgniter.php(368): CodeIgniter\CodeIgniter->handleRequest(null, Object(Config\Cache), false)
 9 FCPATH\index.php(67): CodeIgniter\CodeIgniter->run()
10 SYSTEMPATH\Commands\Server\rewrite.php(47): require_once('C:\\perpustakaan\\public\\index.php')
INFO - 2023-06-29 00:53:51 --> Session: Class initialized using 'CodeIgniter\Session\Handlers\FileHandler' driver.
CRITICAL - 2023-06-29 00:53:51 --> Undefined variable $config
in APPPATH\Views\header_view.php on line 54.
 1 APPPATH\Views\header_view.php(54): CodeIgniter\Debug\Exceptions->errorHandler(2, 'Undefined variable $config', 'C:\\perpustakaan\\app\\Views\\header_view.php', 54)
 2 SYSTEMPATH\View\View.php(213): include('C:\\perpustakaan\\app\\Views\\header_view.php')
 3 SYSTEMPATH\View\View.php(216): CodeIgniter\View\View->CodeIgniter\View\{closure}()
 4 SYSTEMPATH\Common.php(1184): CodeIgniter\View\View->render('header_view', [], true)
 5 APPPATH\Controllers\Buku.php(22): view('header_view', [...])
 6 SYSTEMPATH\CodeIgniter.php(934): App\Controllers\Buku->index()
 7 SYSTEMPATH\CodeIgniter.php(499): CodeIgniter\CodeIgniter->runController(Object(App\Controllers\Buku))
 8 SYSTEMPATH\CodeIgniter.php(368): CodeIgniter\CodeIgniter->handleRequest(null, Object(Config\Cache), false)
 9 FCPATH\index.php(67): CodeIgniter\CodeIgniter->run()
10 SYSTEMPATH\Commands\Server\rewrite.php(47): require_once('C:\\perpustakaan\\public\\index.php')
INFO - 2023-06-29 00:53:54 --> Session: Class initialized using 'CodeIgniter\Session\Handlers\FileHandler' driver.
CRITICAL - 2023-06-29 00:53:54 --> Undefined variable $config
in APPPATH\Views\header_view.php on line 54.
 1 APPPATH\Views\header_view.php(54): CodeIgniter\Debug\Exceptions->errorHandler(2, 'Undefined variable $config', 'C:\\perpustakaan\\app\\Views\\header_view.php', 54)
 2 SYSTEMPATH\View\View.php(213): include('C:\\perpustakaan\\app\\Views\\header_view.php')
 3 SYSTEMPATH\View\View.php(216): CodeIgniter\View\View->CodeIgniter\View\{closure}()
 4 SYSTEMPATH\Common.php(1184): CodeIgniter\View\View->render('header_view', [], true)
 5 APPPATH\Controllers\Buku.php(22): view('header_view', [...])
 6 SYSTEMPATH\CodeIgniter.php(934): App\Controllers\Buku->index()
 7 SYSTEMPATH\CodeIgniter.php(499): CodeIgniter\CodeIgniter->runController(Object(App\Controllers\Buku))
 8 SYSTEMPATH\CodeIgniter.php(368): CodeIgniter\CodeIgniter->handleRequest(null, Object(Config\Cache), false)
 9 FCPATH\index.php(67): CodeIgniter\CodeIgniter->run()
10 SYSTEMPATH\Commands\Server\rewrite.php(47): require_once('C:\\perpustakaan\\public\\index.php')
INFO - 2023-06-29 00:57:02 --> Session: Class initialized using 'CodeIgniter\Session\Handlers\FileHandler' driver.
CRITICAL - 2023-06-29 00:57:02 --> Undefined variable $config
in APPPATH\Views\header_view.php on line 71.
 1 APPPATH\Views\header_view.php(71): CodeIgniter\Debug\Exceptions->errorHandler(2, 'Undefined variable $config', 'C:\\perpustakaan\\app\\Views\\header_view.php', 71)
 2 SYSTEMPATH\View\View.php(213): include('C:\\perpustakaan\\app\\Views\\header_view.php')
 3 SYSTEMPATH\View\View.php(216): CodeIgniter\View\View->CodeIgniter\View\{closure}()
 4 SYSTEMPATH\Common.php(1184): CodeIgniter\View\View->render('header_view', [], true)
 5 APPPATH\Controllers\Buku.php(22): view('header_view', [...])
 6 SYSTEMPATH\CodeIgniter.php(934): App\Controllers\Buku->index()
 7 SYSTEMPATH\CodeIgniter.php(499): CodeIgniter\CodeIgniter->runController(Object(App\Controllers\Buku))
 8 SYSTEMPATH\CodeIgniter.php(368): CodeIgniter\CodeIgniter->handleRequest(null, Object(Config\Cache), false)
 9 FCPATH\index.php(67): CodeIgniter\CodeIgniter->run()
10 SYSTEMPATH\Commands\Server\rewrite.php(47): require_once('C:\\perpustakaan\\public\\index.php')
INFO - 2023-06-29 00:57:04 --> Session: Class initialized using 'CodeIgniter\Session\Handlers\FileHandler' driver.
CRITICAL - 2023-06-29 00:57:04 --> Undefined variable $config
in APPPATH\Views\header_view.php on line 71.
 1 APPPATH\Views\header_view.php(71): CodeIgniter\Debug\Exceptions->errorHandler(2, 'Undefined variable $config', 'C:\\perpustakaan\\app\\Views\\header_view.php', 71)
 2 SYSTEMPATH\View\View.php(213): include('C:\\perpustakaan\\app\\Views\\header_view.php')
 3 SYSTEMPATH\View\View.php(216): CodeIgniter\View\View->CodeIgniter\View\{closure}()
 4 SYSTEMPATH\Common.php(1184): CodeIgniter\View\View->render('header_view', [], true)
 5 APPPATH\Controllers\Buku.php(22): view('header_view', [...])
 6 SYSTEMPATH\CodeIgniter.php(934): App\Controllers\Buku->index()
 7 SYSTEMPATH\CodeIgniter.php(499): CodeIgniter\CodeIgniter->runController(Object(App\Controllers\Buku))
 8 SYSTEMPATH\CodeIgniter.php(368): CodeIgniter\CodeIgniter->handleRequest(null, Object(Config\Cache), false)
 9 FCPATH\index.php(67): CodeIgniter\CodeIgniter->run()
10 SYSTEMPATH\Commands\Server\rewrite.php(47): require_once('C:\\perpustakaan\\public\\index.php')
INFO - 2023-06-29 00:57:23 --> Session: Class initialized using 'CodeIgniter\Session\Handlers\FileHandler' driver.
INFO - 2023-06-29 00:58:13 --> Session: Class initialized using 'CodeIgniter\Session\Handlers\FileHandler' driver.
INFO - 2023-06-29 00:59:11 --> Session: Class initialized using 'CodeIgniter\Session\Handlers\FileHandler' driver.
INFO - 2023-06-29 00:59:19 --> Session: Class initialized using 'CodeIgniter\Session\Handlers\FileHandler' driver.
INFO - 2023-06-29 00:59:22 --> Session: Class initialized using 'CodeIgniter\Session\Handlers\FileHandler' driver.
INFO - 2023-06-29 01:00:00 --> Session: Class initialized using 'CodeIgniter\Session\Handlers\FileHandler' driver.
INFO - 2023-06-29 01:00:25 --> Session: Class initialized using 'CodeIgniter\Session\Handlers\FileHandler' driver.
INFO - 2023-06-29 01:01:03 --> Session: Class initialized using 'CodeIgniter\Session\Handlers\FileHandler' driver.
INFO - 2023-06-29 01:03:51 --> Session: Class initialized using 'CodeIgniter\Session\Handlers\FileHandler' driver.
INFO - 2023-06-29 01:04:11 --> Session: Class initialized using 'CodeIgniter\Session\Handlers\FileHandler' driver.
INFO - 2023-06-29 01:04:14 --> Session: Class initialized using 'CodeIgniter\Session\Handlers\FileHandler' driver.
INFO - 2023-06-29 01:04:47 --> Session: Class initialized using 'CodeIgniter\Session\Handlers\FileHandler' driver.
INFO - 2023-06-29 01:04:50 --> Session: Class initialized using 'CodeIgniter\Session\Handlers\FileHandler' driver.
INFO - 2023-06-29 01:05:02 --> Session: Class initialized using 'CodeIgniter\Session\Handlers\FileHandler' driver.
INFO - 2023-06-29 01:05:02 --> Session: Class initialized using 'CodeIgniter\Session\Handlers\FileHandler' driver.
INFO - 2023-06-29 01:07:46 --> Session: Class initialized using 'CodeIgniter\Session\Handlers\FileHandler' driver.
INFO - 2023-06-29 01:07:51 --> Session: Class initialized using 'CodeIgniter\Session\Handlers\FileHandler' driver.
INFO - 2023-06-29 01:07:52 --> Session: Class initialized using 'CodeIgniter\Session\Handlers\FileHandler' driver.
INFO - 2023-06-29 01:12:24 --> Session: Class initialized using 'CodeIgniter\Session\Handlers\FileHandler' driver.
INFO - 2023-06-29 01:12:33 --> Session: Class initialized using 'CodeIgniter\Session\Handlers\FileHandler' driver.
INFO - 2023-06-29 01:12:33 --> Session: Class initialized using 'CodeIgniter\Session\Handlers\FileHandler' driver.
INFO - 2023-06-29 01:12:52 --> Session: Class initialized using 'CodeIgniter\Session\Handlers\FileHandler' driver.
INFO - 2023-06-29 01:12:52 --> Session: Class initialized using 'CodeIgniter\Session\Handlers\FileHandler' driver.
INFO - 2023-06-29 01:17:16 --> Session: Class initialized using 'CodeIgniter\Session\Handlers\FileHandler' driver.
INFO - 2023-06-29 01:17:22 --> Session: Class initialized using 'CodeIgniter\Session\Handlers\FileHandler' driver.
INFO - 2023-06-29 01:17:23 --> Session: Class initialized using 'CodeIgniter\Session\Handlers\FileHandler' driver.
INFO - 2023-06-29 01:20:18 --> Session: Class initialized using 'CodeIgniter\Session\Handlers\FileHandler' driver.
INFO - 2023-06-29 01:20:29 --> Session: Class initialized using 'CodeIgniter\Session\Handlers\FileHandler' driver.
INFO - 2023-06-29 01:20:29 --> Session: Class initialized using 'CodeIgniter\Session\Handlers\FileHandler' driver.
INFO - 2023-06-29 01:20:46 --> Session: Class initialized using 'CodeIgniter\Session\Handlers\FileHandler' driver.
INFO - 2023-06-29 01:20:47 --> Session: Class initialized using 'CodeIgniter\Session\Handlers\FileHandler' driver.
INFO - 2023-06-29 01:20:48 --> Session: Class initialized using 'CodeIgniter\Session\Handlers\FileHandler' driver.
WARNING - 2023-06-29 01:21:16 --> [DEPRECATED] Since fakerphp/faker 1.14: Accessing property "sentence" is deprecated, use "sentence()" instead. in VENDORPATH\symfony\deprecation-contracts\function.php on line 25.
 1 VENDORPATH\symfony\deprecation-contracts\function.php(25): trigger_error('Since fakerphp/faker 1.14: Accessing property "sentence" is deprecated, use "sentence()" instead.', 16384)
 2 VENDORPATH\fakerphp\faker\src\Faker\Generator.php(950): trigger_deprecation('fakerphp/faker', '1.14', 'Accessing property "%s" is deprecated, use "%s()" instead.', 'sentence', 'sentence')
 3 APPPATH\Controllers\FakerController.php(23): Faker\Generator->__get('sentence')
 4 SYSTEMPATH\CodeIgniter.php(934): App\Controllers\FakerController->buku()
 5 SYSTEMPATH\CodeIgniter.php(499): CodeIgniter\CodeIgniter->runController(Object(App\Controllers\FakerController))
 6 SYSTEMPATH\CodeIgniter.php(368): CodeIgniter\CodeIgniter->handleRequest(null, Object(Config\Cache), false)
 7 FCPATH\index.php(67): CodeIgniter\CodeIgniter->run()
 8 SYSTEMPATH\Commands\Server\rewrite.php(47): require_once('C:\\perpustakaan\\public\\index.php')
WARNING - 2023-06-29 01:21:16 --> [DEPRECATED] Since fakerphp/faker 1.14: Accessing property "name" is deprecated, use "name()" instead. in VENDORPATH\symfony\deprecation-contracts\function.php on line 25.
 1 VENDORPATH\symfony\deprecation-contracts\function.php(25): trigger_error('Since fakerphp/faker 1.14: Accessing property "name" is deprecated, use "name()" instead.', 16384)
 2 VENDORPATH\fakerphp\faker\src\Faker\Generator.php(950): trigger_deprecation('fakerphp/faker', '1.14', 'Accessing property "%s" is deprecated, use "%s()" instead.', 'name', 'name')
 3 APPPATH\Controllers\FakerController.php(24): Faker\Generator->__get('name')
 4 SYSTEMPATH\CodeIgniter.php(934): App\Controllers\FakerController->buku()
 5 SYSTEMPATH\CodeIgniter.php(499): CodeIgniter\CodeIgniter->runController(Object(App\Controllers\FakerController))
 6 SYSTEMPATH\CodeIgniter.php(368): CodeIgniter\CodeIgniter->handleRequest(null, Object(Config\Cache), false)
 7 FCPATH\index.php(67): CodeIgniter\CodeIgniter->run()
 8 SYSTEMPATH\Commands\Server\rewrite.php(47): require_once('C:\\perpustakaan\\public\\index.php')
WARNING - 2023-06-29 01:21:16 --> [DEPRECATED] Since fakerphp/faker 1.14: Accessing property "company" is deprecated, use "company()" instead. in VENDORPATH\symfony\deprecation-contracts\function.php on line 25.
 1 VENDORPATH\symfony\deprecation-contracts\function.php(25): trigger_error('Since fakerphp/faker 1.14: Accessing property "company" is deprecated, use "company()" instead.', 16384)
 2 VENDORPATH\fakerphp\faker\src\Faker\Generator.php(950): trigger_deprecation('fakerphp/faker', '1.14', 'Accessing property "%s" is deprecated, use "%s()" instead.', 'company', 'company')
 3 APPPATH\Controllers\FakerController.php(25): Faker\Generator->__get('company')
 4 SYSTEMPATH\CodeIgniter.php(934): App\Controllers\FakerController->buku()
 5 SYSTEMPATH\CodeIgniter.php(499): CodeIgniter\CodeIgniter->runController(Object(App\Controllers\FakerController))
 6 SYSTEMPATH\CodeIgniter.php(368): CodeIgniter\CodeIgniter->handleRequest(null, Object(Config\Cache), false)
 7 FCPATH\index.php(67): CodeIgniter\CodeIgniter->run()
 8 SYSTEMPATH\Commands\Server\rewrite.php(47): require_once('C:\\perpustakaan\\public\\index.php')
WARNING - 2023-06-29 01:21:16 --> [DEPRECATED] Since fakerphp/faker 1.14: Accessing property "sentence" is deprecated, use "sentence()" instead. in VENDORPATH\symfony\deprecation-contracts\function.php on line 25.
 1 VENDORPATH\symfony\deprecation-contracts\function.php(25): trigger_error('Since fakerphp/faker 1.14: Accessing property "sentence" is deprecated, use "sentence()" instead.', 16384)
 2 VENDORPATH\fakerphp\faker\src\Faker\Generator.php(950): trigger_deprecation('fakerphp/faker', '1.14', 'Accessing property "%s" is deprecated, use "%s()" instead.', 'sentence', 'sentence')
 3 APPPATH\Controllers\FakerController.php(23): Faker\Generator->__get('sentence')
 4 SYSTEMPATH\CodeIgniter.php(934): App\Controllers\FakerController->buku()
 5 SYSTEMPATH\CodeIgniter.php(499): CodeIgniter\CodeIgniter->runController(Object(App\Controllers\FakerController))
 6 SYSTEMPATH\CodeIgniter.php(368): CodeIgniter\CodeIgniter->handleRequest(null, Object(Config\Cache), false)
 7 FCPATH\index.php(67): CodeIgniter\CodeIgniter->run()
 8 SYSTEMPATH\Commands\Server\rewrite.php(47): require_once('C:\\perpustakaan\\public\\index.php')
WARNING - 2023-06-29 01:21:16 --> [DEPRECATED] Since fakerphp/faker 1.14: Accessing property "name" is deprecated, use "name()" instead. in VENDORPATH\symfony\deprecation-contracts\function.php on line 25.
 1 VENDORPATH\symfony\deprecation-contracts\function.php(25): trigger_error('Since fakerphp/faker 1.14: Accessing property "name" is deprecated, use "name()" instead.', 16384)
 2 VENDORPATH\fakerphp\faker\src\Faker\Generator.php(950): trigger_deprecation('fakerphp/faker', '1.14', 'Accessing property "%s" is deprecated, use "%s()" instead.', 'name', 'name')
 3 APPPATH\Controllers\FakerController.php(24): Faker\Generator->__get('name')
 4 SYSTEMPATH\CodeIgniter.php(934): App\Controllers\FakerController->buku()
 5 SYSTEMPATH\CodeIgniter.php(499): CodeIgniter\CodeIgniter->runController(Object(App\Controllers\FakerController))
 6 SYSTEMPATH\CodeIgniter.php(368): CodeIgniter\CodeIgniter->handleRequest(null, Object(Config\Cache), false)
 7 FCPATH\index.php(67): CodeIgniter\CodeIgniter->run()
 8 SYSTEMPATH\Commands\Server\rewrite.php(47): require_once('C:\\perpustakaan\\public\\index.php')
WARNING - 2023-06-29 01:21:16 --> [DEPRECATED] Since fakerphp/faker 1.14: Accessing property "company" is deprecated, use "company()" instead. in VENDORPATH\symfony\deprecation-contracts\function.php on line 25.
 1 VENDORPATH\symfony\deprecation-contracts\function.php(25): trigger_error('Since fakerphp/faker 1.14: Accessing property "company" is deprecated, use "company()" instead.', 16384)
 2 VENDORPATH\fakerphp\faker\src\Faker\Generator.php(950): trigger_deprecation('fakerphp/faker', '1.14', 'Accessing property "%s" is deprecated, use "%s()" instead.', 'company', 'company')
 3 APPPATH\Controllers\FakerController.php(25): Faker\Generator->__get('company')
 4 SYSTEMPATH\CodeIgniter.php(934): App\Controllers\FakerController->buku()
 5 SYSTEMPATH\CodeIgniter.php(499): CodeIgniter\CodeIgniter->runController(Object(App\Controllers\FakerController))
 6 SYSTEMPATH\CodeIgniter.php(368): CodeIgniter\CodeIgniter->handleRequest(null, Object(Config\Cache), false)
 7 FCPATH\index.php(67): CodeIgniter\CodeIgniter->run()
 8 SYSTEMPATH\Commands\Server\rewrite.php(47): require_once('C:\\perpustakaan\\public\\index.php')
WARNING - 2023-06-29 01:21:16 --> [DEPRECATED] Since fakerphp/faker 1.14: Accessing property "sentence" is deprecated, use "sentence()" instead. in VENDORPATH\symfony\deprecation-contracts\function.php on line 25.
 1 VENDORPATH\symfony\deprecation-contracts\function.php(25): trigger_error('Since fakerphp/faker 1.14: Accessing property "sentence" is deprecated, use "sentence()" instead.', 16384)
 2 VENDORPATH\fakerphp\faker\src\Faker\Generator.php(950): trigger_deprecation('fakerphp/faker', '1.14', 'Accessing property "%s" is deprecated, use "%s()" instead.', 'sentence', 'sentence')
 3 APPPATH\Controllers\FakerController.php(23): Faker\Generator->__get('sentence')
 4 SYSTEMPATH\CodeIgniter.php(934): App\Controllers\FakerController->buku()
 5 SYSTEMPATH\CodeIgniter.php(499): CodeIgniter\CodeIgniter->runController(Object(App\Controllers\FakerController))
 6 SYSTEMPATH\CodeIgniter.php(368): CodeIgniter\CodeIgniter->handleRequest(null, Object(Config\Cache), false)
 7 FCPATH\index.php(67): CodeIgniter\CodeIgniter->run()
 8 SYSTEMPATH\Commands\Server\rewrite.php(47): require_once('C:\\perpustakaan\\public\\index.php')
WARNING - 2023-06-29 01:21:16 --> [DEPRECATED] Since fakerphp/faker 1.14: Accessing property "name" is deprecated, use "name()" instead. in VENDORPATH\symfony\deprecation-contracts\function.php on line 25.
 1 VENDORPATH\symfony\deprecation-contracts\function.php(25): trigger_error('Since fakerphp/faker 1.14: Accessing property "name" is deprecated, use "name()" instead.', 16384)
 2 VENDORPATH\fakerphp\faker\src\Faker\Generator.php(950): trigger_deprecation('fakerphp/faker', '1.14', 'Accessing property "%s" is deprecated, use "%s()" instead.', 'name', 'name')
 3 APPPATH\Controllers\FakerController.php(24): Faker\Generator->__get('name')
 4 SYSTEMPATH\CodeIgniter.php(934): App\Controllers\FakerController->buku()
 5 SYSTEMPATH\CodeIgniter.php(499): CodeIgniter\CodeIgniter->runController(Object(App\Controllers\FakerController))
 6 SYSTEMPATH\CodeIgniter.php(368): CodeIgniter\CodeIgniter->handleRequest(null, Object(Config\Cache), false)
 7 FCPATH\index.php(67): CodeIgniter\CodeIgniter->run()
 8 SYSTEMPATH\Commands\Server\rewrite.php(47): require_once('C:\\perpustakaan\\public\\index.php')
WARNING - 2023-06-29 01:21:16 --> [DEPRECATED] Since fakerphp/faker 1.14: Accessing property "company" is deprecated, use "company()" instead. in VENDORPATH\symfony\deprecation-contracts\function.php on line 25.
 1 VENDORPATH\symfony\deprecation-contracts\function.php(25): trigger_error('Since fakerphp/faker 1.14: Accessing property "company" is deprecated, use "company()" instead.', 16384)
 2 VENDORPATH\fakerphp\faker\src\Faker\Generator.php(950): trigger_deprecation('fakerphp/faker', '1.14', 'Accessing property "%s" is deprecated, use "%s()" instead.', 'company', 'company')
 3 APPPATH\Controllers\FakerController.php(25): Faker\Generator->__get('company')
 4 SYSTEMPATH\CodeIgniter.php(934): App\Controllers\FakerController->buku()
 5 SYSTEMPATH\CodeIgniter.php(499): CodeIgniter\CodeIgniter->runController(Object(App\Controllers\FakerController))
 6 SYSTEMPATH\CodeIgniter.php(368): CodeIgniter\CodeIgniter->handleRequest(null, Object(Config\Cache), false)
 7 FCPATH\index.php(67): CodeIgniter\CodeIgniter->run()
 8 SYSTEMPATH\Commands\Server\rewrite.php(47): require_once('C:\\perpustakaan\\public\\index.php')
WARNING - 2023-06-29 01:21:16 --> [DEPRECATED] Since fakerphp/faker 1.14: Accessing property "sentence" is deprecated, use "sentence()" instead. in VENDORPATH\symfony\deprecation-contracts\function.php on line 25.
 1 VENDORPATH\symfony\deprecation-contracts\function.php(25): trigger_error('Since fakerphp/faker 1.14: Accessing property "sentence" is deprecated, use "sentence()" instead.', 16384)
 2 VENDORPATH\fakerphp\faker\src\Faker\Generator.php(950): trigger_deprecation('fakerphp/faker', '1.14', 'Accessing property "%s" is deprecated, use "%s()" instead.', 'sentence', 'sentence')
 3 APPPATH\Controllers\FakerController.php(23): Faker\Generator->__get('sentence')
 4 SYSTEMPATH\CodeIgniter.php(934): App\Controllers\FakerController->buku()
 5 SYSTEMPATH\CodeIgniter.php(499): CodeIgniter\CodeIgniter->runController(Object(App\Controllers\FakerController))
 6 SYSTEMPATH\CodeIgniter.php(368): CodeIgniter\CodeIgniter->handleRequest(null, Object(Config\Cache), false)
 7 FCPATH\index.php(67): CodeIgniter\CodeIgniter->run()
 8 SYSTEMPATH\Commands\Server\rewrite.php(47): require_once('C:\\perpustakaan\\public\\index.php')
WARNING - 2023-06-29 01:21:16 --> [DEPRECATED] Since fakerphp/faker 1.14: Accessing property "name" is deprecated, use "name()" instead. in VENDORPATH\symfony\deprecation-contracts\function.php on line 25.
 1 VENDORPATH\symfony\deprecation-contracts\function.php(25): trigger_error('Since fakerphp/faker 1.14: Accessing property "name" is deprecated, use "name()" instead.', 16384)
 2 VENDORPATH\fakerphp\faker\src\Faker\Generator.php(950): trigger_deprecation('fakerphp/faker', '1.14', 'Accessing property "%s" is deprecated, use "%s()" instead.', 'name', 'name')
 3 APPPATH\Controllers\FakerController.php(24): Faker\Generator->__get('name')
 4 SYSTEMPATH\CodeIgniter.php(934): App\Controllers\FakerController->buku()
 5 SYSTEMPATH\CodeIgniter.php(499): CodeIgniter\CodeIgniter->runController(Object(App\Controllers\FakerController))
 6 SYSTEMPATH\CodeIgniter.php(368): CodeIgniter\CodeIgniter->handleRequest(null, Object(Config\Cache), false)
 7 FCPATH\index.php(67): CodeIgniter\CodeIgniter->run()
 8 SYSTEMPATH\Commands\Server\rewrite.php(47): require_once('C:\\perpustakaan\\public\\index.php')
WARNING - 2023-06-29 01:21:16 --> [DEPRECATED] Since fakerphp/faker 1.14: Accessing property "company" is deprecated, use "company()" instead. in VENDORPATH\symfony\deprecation-contracts\function.php on line 25.
 1 VENDORPATH\symfony\deprecation-contracts\function.php(25): trigger_error('Since fakerphp/faker 1.14: Accessing property "company" is deprecated, use "company()" instead.', 16384)
 2 VENDORPATH\fakerphp\faker\src\Faker\Generator.php(950): trigger_deprecation('fakerphp/faker', '1.14', 'Accessing property "%s" is deprecated, use "%s()" instead.', 'company', 'company')
 3 APPPATH\Controllers\FakerController.php(25): Faker\Generator->__get('company')
 4 SYSTEMPATH\CodeIgniter.php(934): App\Controllers\FakerController->buku()
 5 SYSTEMPATH\CodeIgniter.php(499): CodeIgniter\CodeIgniter->runController(Object(App\Controllers\FakerController))
 6 SYSTEMPATH\CodeIgniter.php(368): CodeIgniter\CodeIgniter->handleRequest(null, Object(Config\Cache), false)
 7 FCPATH\index.php(67): CodeIgniter\CodeIgniter->run()
 8 SYSTEMPATH\Commands\Server\rewrite.php(47): require_once('C:\\perpustakaan\\public\\index.php')
WARNING - 2023-06-29 01:21:16 --> [DEPRECATED] Since fakerphp/faker 1.14: Accessing property "sentence" is deprecated, use "sentence()" instead. in VENDORPATH\symfony\deprecation-contracts\function.php on line 25.
 1 VENDORPATH\symfony\deprecation-contracts\function.php(25): trigger_error('Since fakerphp/faker 1.14: Accessing property "sentence" is deprecated, use "sentence()" instead.', 16384)
 2 VENDORPATH\fakerphp\faker\src\Faker\Generator.php(950): trigger_deprecation('fakerphp/faker', '1.14', 'Accessing property "%s" is deprecated, use "%s()" instead.', 'sentence', 'sentence')
 3 APPPATH\Controllers\FakerController.php(23): Faker\Generator->__get('sentence')
 4 SYSTEMPATH\CodeIgniter.php(934): App\Controllers\FakerController->buku()
 5 SYSTEMPATH\CodeIgniter.php(499): CodeIgniter\CodeIgniter->runController(Object(App\Controllers\FakerController))
 6 SYSTEMPATH\CodeIgniter.php(368): CodeIgniter\CodeIgniter->handleRequest(null, Object(Config\Cache), false)
 7 FCPATH\index.php(67): CodeIgniter\CodeIgniter->run()
 8 SYSTEMPATH\Commands\Server\rewrite.php(47): require_once('C:\\perpustakaan\\public\\index.php')
WARNING - 2023-06-29 01:21:16 --> [DEPRECATED] Since fakerphp/faker 1.14: Accessing property "name" is deprecated, use "name()" instead. in VENDORPATH\symfony\deprecation-contracts\function.php on line 25.
 1 VENDORPATH\symfony\deprecation-contracts\function.php(25): trigger_error('Since fakerphp/faker 1.14: Accessing property "name" is deprecated, use "name()" instead.', 16384)
 2 VENDORPATH\fakerphp\faker\src\Faker\Generator.php(950): trigger_deprecation('fakerphp/faker', '1.14', 'Accessing property "%s" is deprecated, use "%s()" instead.', 'name', 'name')
 3 APPPATH\Controllers\FakerController.php(24): Faker\Generator->__get('name')
 4 SYSTEMPATH\CodeIgniter.php(934): App\Controllers\FakerController->buku()
 5 SYSTEMPATH\CodeIgniter.php(499): CodeIgniter\CodeIgniter->runController(Object(App\Controllers\FakerController))
 6 SYSTEMPATH\CodeIgniter.php(368): CodeIgniter\CodeIgniter->handleRequest(null, Object(Config\Cache), false)
 7 FCPATH\index.php(67): CodeIgniter\CodeIgniter->run()
 8 SYSTEMPATH\Commands\Server\rewrite.php(47): require_once('C:\\perpustakaan\\public\\index.php')
WARNING - 2023-06-29 01:21:16 --> [DEPRECATED] Since fakerphp/faker 1.14: Accessing property "company" is deprecated, use "company()" instead. in VENDORPATH\symfony\deprecation-contracts\function.php on line 25.
 1 VENDORPATH\symfony\deprecation-contracts\function.php(25): trigger_error('Since fakerphp/faker 1.14: Accessing property "company" is deprecated, use "company()" instead.', 16384)
 2 VENDORPATH\fakerphp\faker\src\Faker\Generator.php(950): trigger_deprecation('fakerphp/faker', '1.14', 'Accessing property "%s" is deprecated, use "%s()" instead.', 'company', 'company')
 3 APPPATH\Controllers\FakerController.php(25): Faker\Generator->__get('company')
 4 SYSTEMPATH\CodeIgniter.php(934): App\Controllers\FakerController->buku()
 5 SYSTEMPATH\CodeIgniter.php(499): CodeIgniter\CodeIgniter->runController(Object(App\Controllers\FakerController))
 6 SYSTEMPATH\CodeIgniter.php(368): CodeIgniter\CodeIgniter->handleRequest(null, Object(Config\Cache), false)
 7 FCPATH\index.php(67): CodeIgniter\CodeIgniter->run()
 8 SYSTEMPATH\Commands\Server\rewrite.php(47): require_once('C:\\perpustakaan\\public\\index.php')
WARNING - 2023-06-29 01:21:16 --> [DEPRECATED] Since fakerphp/faker 1.14: Accessing property "sentence" is deprecated, use "sentence()" instead. in VENDORPATH\symfony\deprecation-contracts\function.php on line 25.
 1 VENDORPATH\symfony\deprecation-contracts\function.php(25): trigger_error('Since fakerphp/faker 1.14: Accessing property "sentence" is deprecated, use "sentence()" instead.', 16384)
 2 VENDORPATH\fakerphp\faker\src\Faker\Generator.php(950): trigger_deprecation('fakerphp/faker', '1.14', 'Accessing property "%s" is deprecated, use "%s()" instead.', 'sentence', 'sentence')
 3 APPPATH\Controllers\FakerController.php(23): Faker\Generator->__get('sentence')
 4 SYSTEMPATH\CodeIgniter.php(934): App\Controllers\FakerController->buku()
 5 SYSTEMPATH\CodeIgniter.php(499): CodeIgniter\CodeIgniter->runController(Object(App\Controllers\FakerController))
 6 SYSTEMPATH\CodeIgniter.php(368): CodeIgniter\CodeIgniter->handleRequest(null, Object(Config\Cache), false)
 7 FCPATH\index.php(67): CodeIgniter\CodeIgniter->run()
 8 SYSTEMPATH\Commands\Server\rewrite.php(47): require_once('C:\\perpustakaan\\public\\index.php')
WARNING - 2023-06-29 01:21:16 --> [DEPRECATED] Since fakerphp/faker 1.14: Accessing property "name" is deprecated, use "name()" instead. in VENDORPATH\symfony\deprecation-contracts\function.php on line 25.
 1 VENDORPATH\symfony\deprecation-contracts\function.php(25): trigger_error('Since fakerphp/faker 1.14: Accessing property "name" is deprecated, use "name()" instead.', 16384)
 2 VENDORPATH\fakerphp\faker\src\Faker\Generator.php(950): trigger_deprecation('fakerphp/faker', '1.14', 'Accessing property "%s" is deprecated, use "%s()" instead.', 'name', 'name')
 3 APPPATH\Controllers\FakerController.php(24): Faker\Generator->__get('name')
 4 SYSTEMPATH\CodeIgniter.php(934): App\Controllers\FakerController->buku()
 5 SYSTEMPATH\CodeIgniter.php(499): CodeIgniter\CodeIgniter->runController(Object(App\Controllers\FakerController))
 6 SYSTEMPATH\CodeIgniter.php(368): CodeIgniter\CodeIgniter->handleRequest(null, Object(Config\Cache), false)
 7 FCPATH\index.php(67): CodeIgniter\CodeIgniter->run()
 8 SYSTEMPATH\Commands\Server\rewrite.php(47): require_once('C:\\perpustakaan\\public\\index.php')
WARNING - 2023-06-29 01:21:16 --> [DEPRECATED] Since fakerphp/faker 1.14: Accessing property "company" is deprecated, use "company()" instead. in VENDORPATH\symfony\deprecation-contracts\function.php on line 25.
 1 VENDORPATH\symfony\deprecation-contracts\function.php(25): trigger_error('Since fakerphp/faker 1.14: Accessing property "company" is deprecated, use "company()" instead.', 16384)
 2 VENDORPATH\fakerphp\faker\src\Faker\Generator.php(950): trigger_deprecation('fakerphp/faker', '1.14', 'Accessing property "%s" is deprecated, use "%s()" instead.', 'company', 'company')
 3 APPPATH\Controllers\FakerController.php(25): Faker\Generator->__get('company')
 4 SYSTEMPATH\CodeIgniter.php(934): App\Controllers\FakerController->buku()
 5 SYSTEMPATH\CodeIgniter.php(499): CodeIgniter\CodeIgniter->runController(Object(App\Controllers\FakerController))
 6 SYSTEMPATH\CodeIgniter.php(368): CodeIgniter\CodeIgniter->handleRequest(null, Object(Config\Cache), false)
 7 FCPATH\index.php(67): CodeIgniter\CodeIgniter->run()
 8 SYSTEMPATH\Commands\Server\rewrite.php(47): require_once('C:\\perpustakaan\\public\\index.php')
WARNING - 2023-06-29 01:21:16 --> [DEPRECATED] Since fakerphp/faker 1.14: Accessing property "sentence" is deprecated, use "sentence()" instead. in VENDORPATH\symfony\deprecation-contracts\function.php on line 25.
 1 VENDORPATH\symfony\deprecation-contracts\function.php(25): trigger_error('Since fakerphp/faker 1.14: Accessing property "sentence" is deprecated, use "sentence()" instead.', 16384)
 2 VENDORPATH\fakerphp\faker\src\Faker\Generator.php(950): trigger_deprecation('fakerphp/faker', '1.14', 'Accessing property "%s" is deprecated, use "%s()" instead.', 'sentence', 'sentence')
 3 APPPATH\Controllers\FakerController.php(23): Faker\Generator->__get('sentence')
 4 SYSTEMPATH\CodeIgniter.php(934): App\Controllers\FakerController->buku()
 5 SYSTEMPATH\CodeIgniter.php(499): CodeIgniter\CodeIgniter->runController(Object(App\Controllers\FakerController))
 6 SYSTEMPATH\CodeIgniter.php(368): CodeIgniter\CodeIgniter->handleRequest(null, Object(Config\Cache), false)
 7 FCPATH\index.php(67): CodeIgniter\CodeIgniter->run()
 8 SYSTEMPATH\Commands\Server\rewrite.php(47): require_once('C:\\perpustakaan\\public\\index.php')
WARNING - 2023-06-29 01:21:16 --> [DEPRECATED] Since fakerphp/faker 1.14: Accessing property "name" is deprecated, use "name()" instead. in VENDORPATH\symfony\deprecation-contracts\function.php on line 25.
 1 VENDORPATH\symfony\deprecation-contracts\function.php(25): trigger_error('Since fakerphp/faker 1.14: Accessing property "name" is deprecated, use "name()" instead.', 16384)
 2 VENDORPATH\fakerphp\faker\src\Faker\Generator.php(950): trigger_deprecation('fakerphp/faker', '1.14', 'Accessing property "%s" is deprecated, use "%s()" instead.', 'name', 'name')
 3 APPPATH\Controllers\FakerController.php(24): Faker\Generator->__get('name')
 4 SYSTEMPATH\CodeIgniter.php(934): App\Controllers\FakerController->buku()
 5 SYSTEMPATH\CodeIgniter.php(499): CodeIgniter\CodeIgniter->runController(Object(App\Controllers\FakerController))
 6 SYSTEMPATH\CodeIgniter.php(368): CodeIgniter\CodeIgniter->handleRequest(null, Object(Config\Cache), false)
 7 FCPATH\index.php(67): CodeIgniter\CodeIgniter->run()
 8 SYSTEMPATH\Commands\Server\rewrite.php(47): require_once('C:\\perpustakaan\\public\\index.php')
WARNING - 2023-06-29 01:21:16 --> [DEPRECATED] Since fakerphp/faker 1.14: Accessing property "company" is deprecated, use "company()" instead. in VENDORPATH\symfony\deprecation-contracts\function.php on line 25.
 1 VENDORPATH\symfony\deprecation-contracts\function.php(25): trigger_error('Since fakerphp/faker 1.14: Accessing property "company" is deprecated, use "company()" instead.', 16384)
 2 VENDORPATH\fakerphp\faker\src\Faker\Generator.php(950): trigger_deprecation('fakerphp/faker', '1.14', 'Accessing property "%s" is deprecated, use "%s()" instead.', 'company', 'company')
 3 APPPATH\Controllers\FakerController.php(25): Faker\Generator->__get('company')
 4 SYSTEMPATH\CodeIgniter.php(934): App\Controllers\FakerController->buku()
 5 SYSTEMPATH\CodeIgniter.php(499): CodeIgniter\CodeIgniter->runController(Object(App\Controllers\FakerController))
 6 SYSTEMPATH\CodeIgniter.php(368): CodeIgniter\CodeIgniter->handleRequest(null, Object(Config\Cache), false)
 7 FCPATH\index.php(67): CodeIgniter\CodeIgniter->run()
 8 SYSTEMPATH\Commands\Server\rewrite.php(47): require_once('C:\\perpustakaan\\public\\index.php')
WARNING - 2023-06-29 01:21:16 --> [DEPRECATED] Since fakerphp/faker 1.14: Accessing property "sentence" is deprecated, use "sentence()" instead. in VENDORPATH\symfony\deprecation-contracts\function.php on line 25.
 1 VENDORPATH\symfony\deprecation-contracts\function.php(25): trigger_error('Since fakerphp/faker 1.14: Accessing property "sentence" is deprecated, use "sentence()" instead.', 16384)
 2 VENDORPATH\fakerphp\faker\src\Faker\Generator.php(950): trigger_deprecation('fakerphp/faker', '1.14', 'Accessing property "%s" is deprecated, use "%s()" instead.', 'sentence', 'sentence')
 3 APPPATH\Controllers\FakerController.php(23): Faker\Generator->__get('sentence')
 4 SYSTEMPATH\CodeIgniter.php(934): App\Controllers\FakerController->buku()
 5 SYSTEMPATH\CodeIgniter.php(499): CodeIgniter\CodeIgniter->runController(Object(App\Controllers\FakerController))
 6 SYSTEMPATH\CodeIgniter.php(368): CodeIgniter\CodeIgniter->handleRequest(null, Object(Config\Cache), false)
 7 FCPATH\index.php(67): CodeIgniter\CodeIgniter->run()
 8 SYSTEMPATH\Commands\Server\rewrite.php(47): require_once('C:\\perpustakaan\\public\\index.php')
WARNING - 2023-06-29 01:21:16 --> [DEPRECATED] Since fakerphp/faker 1.14: Accessing property "name" is deprecated, use "name()" instead. in VENDORPATH\symfony\deprecation-contracts\function.php on line 25.
 1 VENDORPATH\symfony\deprecation-contracts\function.php(25): trigger_error('Since fakerphp/faker 1.14: Accessing property "name" is deprecated, use "name()" instead.', 16384)
 2 VENDORPATH\fakerphp\faker\src\Faker\Generator.php(950): trigger_deprecation('fakerphp/faker', '1.14', 'Accessing property "%s" is deprecated, use "%s()" instead.', 'name', 'name')
 3 APPPATH\Controllers\FakerController.php(24): Faker\Generator->__get('name')
 4 SYSTEMPATH\CodeIgniter.php(934): App\Controllers\FakerController->buku()
 5 SYSTEMPATH\CodeIgniter.php(499): CodeIgniter\CodeIgniter->runController(Object(App\Controllers\FakerController))
 6 SYSTEMPATH\CodeIgniter.php(368): CodeIgniter\CodeIgniter->handleRequest(null, Object(Config\Cache), false)
 7 FCPATH\index.php(67): CodeIgniter\CodeIgniter->run()
 8 SYSTEMPATH\Commands\Server\rewrite.php(47): require_once('C:\\perpustakaan\\public\\index.php')
WARNING - 2023-06-29 01:21:16 --> [DEPRECATED] Since fakerphp/faker 1.14: Accessing property "company" is deprecated, use "company()" instead. in VENDORPATH\symfony\deprecation-contracts\function.php on line 25.
 1 VENDORPATH\symfony\deprecation-contracts\function.php(25): trigger_error('Since fakerphp/faker 1.14: Accessing property "company" is deprecated, use "company()" instead.', 16384)
 2 VENDORPATH\fakerphp\faker\src\Faker\Generator.php(950): trigger_deprecation('fakerphp/faker', '1.14', 'Accessing property "%s" is deprecated, use "%s()" instead.', 'company', 'company')
 3 APPPATH\Controllers\FakerController.php(25): Faker\Generator->__get('company')
 4 SYSTEMPATH\CodeIgniter.php(934): App\Controllers\FakerController->buku()
 5 SYSTEMPATH\CodeIgniter.php(499): CodeIgniter\CodeIgniter->runController(Object(App\Controllers\FakerController))
 6 SYSTEMPATH\CodeIgniter.php(368): CodeIgniter\CodeIgniter->handleRequest(null, Object(Config\Cache), false)
 7 FCPATH\index.php(67): CodeIgniter\CodeIgniter->run()
 8 SYSTEMPATH\Commands\Server\rewrite.php(47): require_once('C:\\perpustakaan\\public\\index.php')
WARNING - 2023-06-29 01:21:16 --> [DEPRECATED] Since fakerphp/faker 1.14: Accessing property "sentence" is deprecated, use "sentence()" instead. in VENDORPATH\symfony\deprecation-contracts\function.php on line 25.
 1 VENDORPATH\symfony\deprecation-contracts\function.php(25): trigger_error('Since fakerphp/faker 1.14: Accessing property "sentence" is deprecated, use "sentence()" instead.', 16384)
 2 VENDORPATH\fakerphp\faker\src\Faker\Generator.php(950): trigger_deprecation('fakerphp/faker', '1.14', 'Accessing property "%s" is deprecated, use "%s()" instead.', 'sentence', 'sentence')
 3 APPPATH\Controllers\FakerController.php(23): Faker\Generator->__get('sentence')
 4 SYSTEMPATH\CodeIgniter.php(934): App\Controllers\FakerController->buku()
 5 SYSTEMPATH\CodeIgniter.php(499): CodeIgniter\CodeIgniter->runController(Object(App\Controllers\FakerController))
 6 SYSTEMPATH\CodeIgniter.php(368): CodeIgniter\CodeIgniter->handleRequest(null, Object(Config\Cache), false)
 7 FCPATH\index.php(67): CodeIgniter\CodeIgniter->run()
 8 SYSTEMPATH\Commands\Server\rewrite.php(47): require_once('C:\\perpustakaan\\public\\index.php')
WARNING - 2023-06-29 01:21:16 --> [DEPRECATED] Since fakerphp/faker 1.14: Accessing property "name" is deprecated, use "name()" instead. in VENDORPATH\symfony\deprecation-contracts\function.php on line 25.
 1 VENDORPATH\symfony\deprecation-contracts\function.php(25): trigger_error('Since fakerphp/faker 1.14: Accessing property "name" is deprecated, use "name()" instead.', 16384)
 2 VENDORPATH\fakerphp\faker\src\Faker\Generator.php(950): trigger_deprecation('fakerphp/faker', '1.14', 'Accessing property "%s" is deprecated, use "%s()" instead.', 'name', 'name')
 3 APPPATH\Controllers\FakerController.php(24): Faker\Generator->__get('name')
 4 SYSTEMPATH\CodeIgniter.php(934): App\Controllers\FakerController->buku()
 5 SYSTEMPATH\CodeIgniter.php(499): CodeIgniter\CodeIgniter->runController(Object(App\Controllers\FakerController))
 6 SYSTEMPATH\CodeIgniter.php(368): CodeIgniter\CodeIgniter->handleRequest(null, Object(Config\Cache), false)
 7 FCPATH\index.php(67): CodeIgniter\CodeIgniter->run()
 8 SYSTEMPATH\Commands\Server\rewrite.php(47): require_once('C:\\perpustakaan\\public\\index.php')
WARNING - 2023-06-29 01:21:16 --> [DEPRECATED] Since fakerphp/faker 1.14: Accessing property "company" is deprecated, use "company()" instead. in VENDORPATH\symfony\deprecation-contracts\function.php on line 25.
 1 VENDORPATH\symfony\deprecation-contracts\function.php(25): trigger_error('Since fakerphp/faker 1.14: Accessing property "company" is deprecated, use "company()" instead.', 16384)
 2 VENDORPATH\fakerphp\faker\src\Faker\Generator.php(950): trigger_deprecation('fakerphp/faker', '1.14', 'Accessing property "%s" is deprecated, use "%s()" instead.', 'company', 'company')
 3 APPPATH\Controllers\FakerController.php(25): Faker\Generator->__get('company')
 4 SYSTEMPATH\CodeIgniter.php(934): App\Controllers\FakerController->buku()
 5 SYSTEMPATH\CodeIgniter.php(499): CodeIgniter\CodeIgniter->runController(Object(App\Controllers\FakerController))
 6 SYSTEMPATH\CodeIgniter.php(368): CodeIgniter\CodeIgniter->handleRequest(null, Object(Config\Cache), false)
 7 FCPATH\index.php(67): CodeIgniter\CodeIgniter->run()
 8 SYSTEMPATH\Commands\Server\rewrite.php(47): require_once('C:\\perpustakaan\\public\\index.php')
WARNING - 2023-06-29 01:21:16 --> [DEPRECATED] Since fakerphp/faker 1.14: Accessing property "sentence" is deprecated, use "sentence()" instead. in VENDORPATH\symfony\deprecation-contracts\function.php on line 25.
 1 VENDORPATH\symfony\deprecation-contracts\function.php(25): trigger_error('Since fakerphp/faker 1.14: Accessing property "sentence" is deprecated, use "sentence()" instead.', 16384)
 2 VENDORPATH\fakerphp\faker\src\Faker\Generator.php(950): trigger_deprecation('fakerphp/faker', '1.14', 'Accessing property "%s" is deprecated, use "%s()" instead.', 'sentence', 'sentence')
 3 APPPATH\Controllers\FakerController.php(23): Faker\Generator->__get('sentence')
 4 SYSTEMPATH\CodeIgniter.php(934): App\Controllers\FakerController->buku()
 5 SYSTEMPATH\CodeIgniter.php(499): CodeIgniter\CodeIgniter->runController(Object(App\Controllers\FakerController))
 6 SYSTEMPATH\CodeIgniter.php(368): CodeIgniter\CodeIgniter->handleRequest(null, Object(Config\Cache), false)
 7 FCPATH\index.php(67): CodeIgniter\CodeIgniter->run()
 8 SYSTEMPATH\Commands\Server\rewrite.php(47): require_once('C:\\perpustakaan\\public\\index.php')
WARNING - 2023-06-29 01:21:16 --> [DEPRECATED] Since fakerphp/faker 1.14: Accessing property "name" is deprecated, use "name()" instead. in VENDORPATH\symfony\deprecation-contracts\function.php on line 25.
 1 VENDORPATH\symfony\deprecation-contracts\function.php(25): trigger_error('Since fakerphp/faker 1.14: Accessing property "name" is deprecated, use "name()" instead.', 16384)
 2 VENDORPATH\fakerphp\faker\src\Faker\Generator.php(950): trigger_deprecation('fakerphp/faker', '1.14', 'Accessing property "%s" is deprecated, use "%s()" instead.', 'name', 'name')
 3 APPPATH\Controllers\FakerController.php(24): Faker\Generator->__get('name')
 4 SYSTEMPATH\CodeIgniter.php(934): App\Controllers\FakerController->buku()
 5 SYSTEMPATH\CodeIgniter.php(499): CodeIgniter\CodeIgniter->runController(Object(App\Controllers\FakerController))
 6 SYSTEMPATH\CodeIgniter.php(368): CodeIgniter\CodeIgniter->handleRequest(null, Object(Config\Cache), false)
 7 FCPATH\index.php(67): CodeIgniter\CodeIgniter->run()
 8 SYSTEMPATH\Commands\Server\rewrite.php(47): require_once('C:\\perpustakaan\\public\\index.php')
WARNING - 2023-06-29 01:21:16 --> [DEPRECATED] Since fakerphp/faker 1.14: Accessing property "company" is deprecated, use "company()" instead. in VENDORPATH\symfony\deprecation-contracts\function.php on line 25.
 1 VENDORPATH\symfony\deprecation-contracts\function.php(25): trigger_error('Since fakerphp/faker 1.14: Accessing property "company" is deprecated, use "company()" instead.', 16384)
 2 VENDORPATH\fakerphp\faker\src\Faker\Generator.php(950): trigger_deprecation('fakerphp/faker', '1.14', 'Accessing property "%s" is deprecated, use "%s()" instead.', 'company', 'company')
 3 APPPATH\Controllers\FakerController.php(25): Faker\Generator->__get('company')
 4 SYSTEMPATH\CodeIgniter.php(934): App\Controllers\FakerController->buku()
 5 SYSTEMPATH\CodeIgniter.php(499): CodeIgniter\CodeIgniter->runController(Object(App\Controllers\FakerController))
 6 SYSTEMPATH\CodeIgniter.php(368): CodeIgniter\CodeIgniter->handleRequest(null, Object(Config\Cache), false)
 7 FCPATH\index.php(67): CodeIgniter\CodeIgniter->run()
 8 SYSTEMPATH\Commands\Server\rewrite.php(47): require_once('C:\\perpustakaan\\public\\index.php')
INFO - 2023-06-29 01:21:20 --> Session: Class initialized using 'CodeIgniter\Session\Handlers\FileHandler' driver.
